-----处理项目: SYSSIFOSS superpoint预处理-----
----2024-10-15 16:21:31 - 处理目录: BR01-----
--superpoint_path---/home/pengzhen/code/pointcloud_dataset_set/dataset/SYSSIFOSS/ISBNet_meshfile/BR01_meshfile.ply--
----2024-10-15 16:21:31 - 处理目录: BR02-----
--superpoint_path---/home/pengzhen/code/pointcloud_dataset_set/dataset/SYSSIFOSS/ISBNet_meshfile/BR02_meshfile.ply--
----2024-10-15 16:21:31 - 处理目录: BR03-----
--superpoint_path---/home/pengzhen/code/pointcloud_dataset_set/dataset/SYSSIFOSS/ISBNet_meshfile/BR03_meshfile.ply--
----2024-10-15 16:21:31 - 处理目录: BR04-----
--superpoint_path---/home/pengzhen/code/pointcloud_dataset_set/dataset/SYSSIFOSS/ISBNet_meshfile/BR04_meshfile.ply--
----2024-10-15 16:21:31 - 处理目录: BR05-----
--superpoint_path---/home/pengzhen/code/pointcloud_dataset_set/dataset/SYSSIFOSS/ISBNet_meshfile/BR05_meshfile.ply--
----2024-10-15 16:21:31 - 处理目录: BR06-----
--superpoint_path---/home/pengzhen/code/pointcloud_dataset_set/dataset/SYSSIFOSS/ISBNet_meshfile/BR06_meshfile.ply--
----2024-10-15 16:21:31 - 处理目录: BR07-----
--superpoint_path---/home/pengzhen/code/pointcloud_dataset_set/dataset/SYSSIFOSS/ISBNet_meshfile/BR07_meshfile.ply--
----2024-10-15 16:21:31 - 处理目录: BR08-----
--superpoint_path---/home/pengzhen/code/pointcloud_dataset_set/dataset/SYSSIFOSS/ISBNet_meshfile/BR08_meshfile.ply--
----2024-10-15 16:21:31 - 处理目录: KA09-----
--superpoint_path---/home/pengzhen/code/pointcloud_dataset_set/dataset/SYSSIFOSS/ISBNet_meshfile/KA09_meshfile.ply--
----2024-10-15 16:21:31 - 处理目录: KA10-----
--superpoint_path---/home/pengzhen/code/pointcloud_dataset_set/dataset/SYSSIFOSS/ISBNet_meshfile/KA10_meshfile.ply--
----2024-10-15 16:21:31 - 处理目录: KA11-----
--superpoint_path---/home/pengzhen/code/pointcloud_dataset_set/dataset/SYSSIFOSS/ISBNet_meshfile/KA11_meshfile.ply--
----2024-10-15 16:21:31 - 处理目录: SP02-----
--superpoint_path---/home/pengzhen/code/pointcloud_dataset_set/dataset/SYSSIFOSS/ISBNet_meshfile/SP02_meshfile.ply--
