-----处理项目: SYSSIFOSS合并mesh文件-----
----2024-10-15 15:49:01 - 处理目录: BR01-----
--mesh_path---/home/pengzhen/code/pointcloud_dataset_set/dataset/SYSSIFOSS/ISBNet_meshfile--
----2024-10-15 15:49:01 - 处理目录: BR02-----
--mesh_path---/home/pengzhen/code/pointcloud_dataset_set/dataset/SYSSIFOSS/ISBNet_meshfile--
----2024-10-15 15:49:01 - 处理目录: BR03-----
--mesh_path---/home/pengzhen/code/pointcloud_dataset_set/dataset/SYSSIFOSS/ISBNet_meshfile--
----2024-10-15 15:49:01 - 处理目录: BR04-----
--mesh_path---/home/pengzhen/code/pointcloud_dataset_set/dataset/SYSSIFOSS/ISBNet_meshfile--
----2024-10-15 15:49:01 - 处理目录: BR05-----
--mesh_path---/home/pengzhen/code/pointcloud_dataset_set/dataset/SYSSIFOSS/ISBNet_meshfile--
----2024-10-15 15:49:01 - 处理目录: BR06-----
--mesh_path---/home/pengzhen/code/pointcloud_dataset_set/dataset/SYSSIFOSS/ISBNet_meshfile--
----2024-10-15 15:49:01 - 处理目录: BR07-----
--mesh_path---/home/pengzhen/code/pointcloud_dataset_set/dataset/SYSSIFOSS/ISBNet_meshfile--
----2024-10-15 15:49:01 - 处理目录: BR08-----
--mesh_path---/home/pengzhen/code/pointcloud_dataset_set/dataset/SYSSIFOSS/ISBNet_meshfile--
----2024-10-15 15:49:01 - 处理目录: KA09-----
--mesh_path---/home/pengzhen/code/pointcloud_dataset_set/dataset/SYSSIFOSS/ISBNet_meshfile--
----2024-10-15 15:49:01 - 处理目录: KA10-----
--mesh_path---/home/pengzhen/code/pointcloud_dataset_set/dataset/SYSSIFOSS/ISBNet_meshfile--
----2024-10-15 15:49:01 - 处理目录: KA11-----
--mesh_path---/home/pengzhen/code/pointcloud_dataset_set/dataset/SYSSIFOSS/ISBNet_meshfile--
----2024-10-15 15:49:01 - 处理目录: SP02-----
--mesh_path---/home/pengzhen/code/pointcloud_dataset_set/dataset/SYSSIFOSS/ISBNet_meshfile--
