-----处理项目: SYSSIFOSS数据预处理-----
----2024-10-10 14:27:40 - 处理目录: BR01-----
--instances_path---/home/pengzhen/code/pointcloud_dataset_set/dataset/SYSSIFOSS/SYSSIFOSS_v1.0_Aligned_version/BR01/Annotations/PicAbi_BR01_P11T25.txt--
--instances_path---/home/pengzhen/code/pointcloud_dataset_set/dataset/SYSSIFOSS/SYSSIFOSS_v1.0_Aligned_version/BR01/Annotations/CarBet_BR01_P18T9.txt--
--instances_path---/home/pengzhen/code/pointcloud_dataset_set/dataset/SYSSIFOSS/SYSSIFOSS_v1.0_Aligned_version/BR01/Annotations/QuePet_BR01_P11T5.txt--
--instances_path---/home/pengzhen/code/pointcloud_dataset_set/dataset/SYSSIFOSS/SYSSIFOSS_v1.0_Aligned_version/BR01/Annotations/FagSyl_BR01_P18T24.txt--
--instances_path---/home/pengzhen/code/pointcloud_dataset_set/dataset/SYSSIFOSS/SYSSIFOSS_v1.0_Aligned_version/BR01/Annotations/PicAbi_BR01_P11T51.txt--
--instances_path---/home/pengzhen/code/pointcloud_dataset_set/dataset/SYSSIFOSS/SYSSIFOSS_v1.0_Aligned_version/BR01/Annotations/FagSyl_BR01_P7T29.txt--
--instances_path---/home/pengzhen/code/pointcloud_dataset_set/dataset/SYSSIFOSS/SYSSIFOSS_v1.0_Aligned_version/BR01/Annotations/PruAvi_BR01_P25T13.txt--
--instances_path---/home/pengzhen/code/pointcloud_dataset_set/dataset/SYSSIFOSS/SYSSIFOSS_v1.0_Aligned_version/BR01/Annotations/FagSyl_BR01_P4T5.txt--
--instances_path---/home/pengzhen/code/pointcloud_dataset_set/dataset/SYSSIFOSS/SYSSIFOSS_v1.0_Aligned_version/BR01/Annotations/QuePet_BR01_P12T10.txt--
--instances_path---/home/pengzhen/code/pointcloud_dataset_set/dataset/SYSSIFOSS/SYSSIFOSS_v1.0_Aligned_version/BR01/Annotations/PicAbi_BR01_P11T79.txt--
--instances_path---/home/pengzhen/code/pointcloud_dataset_set/dataset/SYSSIFOSS/SYSSIFOSS_v1.0_Aligned_version/BR01/Annotations/PicAbi_BR01_P11T45.txt--
--instances_path---/home/pengzhen/code/pointcloud_dataset_set/dataset/SYSSIFOSS/SYSSIFOSS_v1.0_Aligned_version/BR01/Annotations/FagSyl_BR01_P22T36a.txt--
--instances_path---/home/pengzhen/code/pointcloud_dataset_set/dataset/SYSSIFOSS/SYSSIFOSS_v1.0_Aligned_version/BR01/Annotations/PicAbi_BR01_P6T12.txt--
--instances_path---/home/pengzhen/code/pointcloud_dataset_set/dataset/SYSSIFOSS/SYSSIFOSS_v1.0_Aligned_version/BR01/Annotations/PicAbi_BR01_P11T18.txt--
--instances_path---/home/pengzhen/code/pointcloud_dataset_set/dataset/SYSSIFOSS/SYSSIFOSS_v1.0_Aligned_version/BR01/Annotations/PicAbi_BR01_P16T14.txt--
--instances_path---/home/pengzhen/code/pointcloud_dataset_set/dataset/SYSSIFOSS/SYSSIFOSS_v1.0_Aligned_version/BR01/Annotations/PseMen_BR01_P8T3.txt--
--instances_path---/home/pengzhen/code/pointcloud_dataset_set/dataset/SYSSIFOSS/SYSSIFOSS_v1.0_Aligned_version/BR01/Annotations/FagSyl_BR01_P23T05.txt--
--instances_path---/home/pengzhen/code/pointcloud_dataset_set/dataset/SYSSIFOSS/SYSSIFOSS_v1.0_Aligned_version/BR01/Annotations/QuePet_BR01_P11T24.txt--
--instances_path---/home/pengzhen/code/pointcloud_dataset_set/dataset/SYSSIFOSS/SYSSIFOSS_v1.0_Aligned_version/BR01/Annotations/FagSyl_BR01_P20T2.txt--
--instances_path---/home/pengzhen/code/pointcloud_dataset_set/dataset/SYSSIFOSS/SYSSIFOSS_v1.0_Aligned_version/BR01/Annotations/PicAbi_BR01_P6T10.txt--
--instances_path---/home/pengzhen/code/pointcloud_dataset_set/dataset/SYSSIFOSS/SYSSIFOSS_v1.0_Aligned_version/BR01/Annotations/PicAbi_BR01_P17T18.txt--
--instances_path---/home/pengzhen/code/pointcloud_dataset_set/dataset/SYSSIFOSS/SYSSIFOSS_v1.0_Aligned_version/BR01/Annotations/FagSyl_BR01_P14T08.txt--
--instances_path---/home/pengzhen/code/pointcloud_dataset_set/dataset/SYSSIFOSS/SYSSIFOSS_v1.0_Aligned_version/BR01/Annotations/FagSyl_BR01_P5T4.txt--
--instances_path---/home/pengzhen/code/pointcloud_dataset_set/dataset/SYSSIFOSS/SYSSIFOSS_v1.0_Aligned_version/BR01/Annotations/CarBet_BR01_P7T34.txt--
--instances_path---/home/pengzhen/code/pointcloud_dataset_set/dataset/SYSSIFOSS/SYSSIFOSS_v1.0_Aligned_version/BR01/Annotations/PicAbi_BR01_P17T17.txt--
--instances_path---/home/pengzhen/code/pointcloud_dataset_set/dataset/SYSSIFOSS/SYSSIFOSS_v1.0_Aligned_version/BR01/Annotations/QuePet_BR01_P6T19.txt--
--instances_path---/home/pengzhen/code/pointcloud_dataset_set/dataset/SYSSIFOSS/SYSSIFOSS_v1.0_Aligned_version/BR01/Annotations/FagSyl_BR01_P22T37.txt--
--instances_path---/home/pengzhen/code/pointcloud_dataset_set/dataset/SYSSIFOSS/SYSSIFOSS_v1.0_Aligned_version/BR01/Annotations/PruAvi_BR01_P18T19.txt--
--instances_path---/home/pengzhen/code/pointcloud_dataset_set/dataset/SYSSIFOSS/SYSSIFOSS_v1.0_Aligned_version/BR01/Annotations/PicAbi_BR01_P20T1.txt--
--instances_path---/home/pengzhen/code/pointcloud_dataset_set/dataset/SYSSIFOSS/SYSSIFOSS_v1.0_Aligned_version/BR01/Annotations/QuePet_BR01_03.txt--
--instances_path---/home/pengzhen/code/pointcloud_dataset_set/dataset/SYSSIFOSS/SYSSIFOSS_v1.0_Aligned_version/BR01/Annotations/FagSyl_BR01_P19T1.txt--
--instances_path---/home/pengzhen/code/pointcloud_dataset_set/dataset/SYSSIFOSS/SYSSIFOSS_v1.0_Aligned_version/BR01/Annotations/PseMen_BR01_P10T3.txt--
--instances_path---/home/pengzhen/code/pointcloud_dataset_set/dataset/SYSSIFOSS/SYSSIFOSS_v1.0_Aligned_version/BR01/Annotations/PruAvi_BR01_P22T19.txt--
--instances_path---/home/pengzhen/code/pointcloud_dataset_set/dataset/SYSSIFOSS/SYSSIFOSS_v1.0_Aligned_version/BR01/Annotations/PicAbi_BR01_P11T50.txt--
--instances_path---/home/pengzhen/code/pointcloud_dataset_set/dataset/SYSSIFOSS/SYSSIFOSS_v1.0_Aligned_version/BR01/Annotations/AcePse_BR01_P17T26.txt--
--instances_path---/home/pengzhen/code/pointcloud_dataset_set/dataset/SYSSIFOSS/SYSSIFOSS_v1.0_Aligned_version/BR01/Annotations/PicAbi_BR01_P16T13.txt--
--instances_path---/home/pengzhen/code/pointcloud_dataset_set/dataset/SYSSIFOSS/SYSSIFOSS_v1.0_Aligned_version/BR01/Annotations/QuePet_BR01_P11T34.txt--
--instances_path---/home/pengzhen/code/pointcloud_dataset_set/dataset/SYSSIFOSS/SYSSIFOSS_v1.0_Aligned_version/BR01/Annotations/QuePet_BR01_10.txt--
--instances_path---/home/pengzhen/code/pointcloud_dataset_set/dataset/SYSSIFOSS/SYSSIFOSS_v1.0_Aligned_version/BR01/Annotations/PicAbi_BR01_P6T14.txt--
--instances_path---/home/pengzhen/code/pointcloud_dataset_set/dataset/SYSSIFOSS/SYSSIFOSS_v1.0_Aligned_version/BR01/Annotations/PseMen_BR01_P10T4.txt--
--instances_path---/home/pengzhen/code/pointcloud_dataset_set/dataset/SYSSIFOSS/SYSSIFOSS_v1.0_Aligned_version/BR01/Annotations/FagSyl_BR01_P23T09.txt--
--instances_path---/home/pengzhen/code/pointcloud_dataset_set/dataset/SYSSIFOSS/SYSSIFOSS_v1.0_Aligned_version/BR01/Annotations/SalCap_BR01_P7T24.txt--
--instances_path---/home/pengzhen/code/pointcloud_dataset_set/dataset/SYSSIFOSS/SYSSIFOSS_v1.0_Aligned_version/BR01/Annotations/AceCam_BR01_P21T44.txt--
--instances_path---/home/pengzhen/code/pointcloud_dataset_set/dataset/SYSSIFOSS/SYSSIFOSS_v1.0_Aligned_version/BR01/Annotations/FagSyl_BR01_P17T32.txt--
--instances_path---/home/pengzhen/code/pointcloud_dataset_set/dataset/SYSSIFOSS/SYSSIFOSS_v1.0_Aligned_version/BR01/Annotations/PicAbi_BR01_P11T38.txt--
--instances_path---/home/pengzhen/code/pointcloud_dataset_set/dataset/SYSSIFOSS/SYSSIFOSS_v1.0_Aligned_version/BR01/Annotations/CarBet_BR01_P17T33.txt--
--instances_path---/home/pengzhen/code/pointcloud_dataset_set/dataset/SYSSIFOSS/SYSSIFOSS_v1.0_Aligned_version/BR01/Annotations/FagSyl_BR01_P25T16.txt--
--instances_path---/home/pengzhen/code/pointcloud_dataset_set/dataset/SYSSIFOSS/SYSSIFOSS_v1.0_Aligned_version/BR01/Annotations/FagSyl_BR01_P19T2.txt--
--instances_path---/home/pengzhen/code/pointcloud_dataset_set/dataset/SYSSIFOSS/SYSSIFOSS_v1.0_Aligned_version/BR01/Annotations/PinSyl_BR01_P14T04.txt--
--instances_path---/home/pengzhen/code/pointcloud_dataset_set/dataset/SYSSIFOSS/SYSSIFOSS_v1.0_Aligned_version/BR01/Annotations/PicAbi_BR01_P12T24.txt--
--instances_path---/home/pengzhen/code/pointcloud_dataset_set/dataset/SYSSIFOSS/SYSSIFOSS_v1.0_Aligned_version/BR01/Annotations/CarBet_BR01_P22T20.txt--
--instances_path---/home/pengzhen/code/pointcloud_dataset_set/dataset/SYSSIFOSS/SYSSIFOSS_v1.0_Aligned_version/BR01/Annotations/LarDec_BR01_P19T3.txt--
--instances_path---/home/pengzhen/code/pointcloud_dataset_set/dataset/SYSSIFOSS/SYSSIFOSS_v1.0_Aligned_version/BR01/Annotations/FagSyl_BR01_P5T14.txt--
--instances_path---/home/pengzhen/code/pointcloud_dataset_set/dataset/SYSSIFOSS/SYSSIFOSS_v1.0_Aligned_version/BR01/Annotations/FagSyl_BR01_P5T15.txt--
--instances_path---/home/pengzhen/code/pointcloud_dataset_set/dataset/SYSSIFOSS/SYSSIFOSS_v1.0_Aligned_version/BR01/Annotations/PruAvi_BR01_P6T4.txt--
--instances_path---/home/pengzhen/code/pointcloud_dataset_set/dataset/SYSSIFOSS/SYSSIFOSS_v1.0_Aligned_version/BR01/Annotations/QuePet_BR01_07.txt--
--instances_path---/home/pengzhen/code/pointcloud_dataset_set/dataset/SYSSIFOSS/SYSSIFOSS_v1.0_Aligned_version/BR01/Annotations/QuePet_BR01_P22T30.txt--
--instances_path---/home/pengzhen/code/pointcloud_dataset_set/dataset/SYSSIFOSS/SYSSIFOSS_v1.0_Aligned_version/BR01/Annotations/CarBet_BR01_P5T20.txt--
--instances_path---/home/pengzhen/code/pointcloud_dataset_set/dataset/SYSSIFOSS/SYSSIFOSS_v1.0_Aligned_version/BR01/Annotations/PicAbi_BR01_P11T15.txt--
--instances_path---/home/pengzhen/code/pointcloud_dataset_set/dataset/SYSSIFOSS/SYSSIFOSS_v1.0_Aligned_version/BR01/Annotations/FagSyl_BR01_P24T10.txt--
--instances_path---/home/pengzhen/code/pointcloud_dataset_set/dataset/SYSSIFOSS/SYSSIFOSS_v1.0_Aligned_version/BR01/Annotations/PruAvi_BR01_P22T14.txt--
--instances_path---/home/pengzhen/code/pointcloud_dataset_set/dataset/SYSSIFOSS/SYSSIFOSS_v1.0_Aligned_version/BR01/Annotations/PicAbi_BR01_P16T22.txt--
--instances_path---/home/pengzhen/code/pointcloud_dataset_set/dataset/SYSSIFOSS/SYSSIFOSS_v1.0_Aligned_version/BR01/Annotations/QuePet_BR01_P12T11.txt--
--instances_path---/home/pengzhen/code/pointcloud_dataset_set/dataset/SYSSIFOSS/SYSSIFOSS_v1.0_Aligned_version/BR01/Annotations/PicAbi_BR01_P11T68.txt--
--instances_path---/home/pengzhen/code/pointcloud_dataset_set/dataset/SYSSIFOSS/SYSSIFOSS_v1.0_Aligned_version/BR01/Annotations/FagSyl_BR01_P8T9.txt--
--instances_path---/home/pengzhen/code/pointcloud_dataset_set/dataset/SYSSIFOSS/SYSSIFOSS_v1.0_Aligned_version/BR01/Annotations/QuePet_BR01_P11T8.txt--
--instances_path---/home/pengzhen/code/pointcloud_dataset_set/dataset/SYSSIFOSS/SYSSIFOSS_v1.0_Aligned_version/BR01/Annotations/QuePet_BR01_P18T21.txt--
--instances_path---/home/pengzhen/code/pointcloud_dataset_set/dataset/SYSSIFOSS/SYSSIFOSS_v1.0_Aligned_version/BR01/Annotations/FagSyl_BR01_P22T13.txt--
--instances_path---/home/pengzhen/code/pointcloud_dataset_set/dataset/SYSSIFOSS/SYSSIFOSS_v1.0_Aligned_version/BR01/Annotations/PicAbi_BR01_P11T65.txt--
--instances_path---/home/pengzhen/code/pointcloud_dataset_set/dataset/SYSSIFOSS/SYSSIFOSS_v1.0_Aligned_version/BR01/Annotations/PicAbi_BR01_P11T62.txt--
--instances_path---/home/pengzhen/code/pointcloud_dataset_set/dataset/SYSSIFOSS/SYSSIFOSS_v1.0_Aligned_version/BR01/Annotations/FagSyl_BR01_P22T11.txt--
--instances_path---/home/pengzhen/code/pointcloud_dataset_set/dataset/SYSSIFOSS/SYSSIFOSS_v1.0_Aligned_version/BR01/Annotations/PicAbi_BR01_P17T23.txt--
--instances_path---/home/pengzhen/code/pointcloud_dataset_set/dataset/SYSSIFOSS/SYSSIFOSS_v1.0_Aligned_version/BR01/Annotations/PicAbi_BR01_P11T40.txt--
--instances_path---/home/pengzhen/code/pointcloud_dataset_set/dataset/SYSSIFOSS/SYSSIFOSS_v1.0_Aligned_version/BR01/Annotations/PicAbi_BR01_P11T73.txt--
--instances_path---/home/pengzhen/code/pointcloud_dataset_set/dataset/SYSSIFOSS/SYSSIFOSS_v1.0_Aligned_version/BR01/Annotations/FagSyl_BR01_P17T35.txt--
--instances_path---/home/pengzhen/code/pointcloud_dataset_set/dataset/SYSSIFOSS/SYSSIFOSS_v1.0_Aligned_version/BR01/Annotations/FagSyl_BR01_P6T3.txt--
--instances_path---/home/pengzhen/code/pointcloud_dataset_set/dataset/SYSSIFOSS/SYSSIFOSS_v1.0_Aligned_version/BR01/Annotations/PicAbi_BR01_P11T30.txt--
--instances_path---/home/pengzhen/code/pointcloud_dataset_set/dataset/SYSSIFOSS/SYSSIFOSS_v1.0_Aligned_version/BR01/Annotations/PicAbi_BR01_P11T27.txt--
--instances_path---/home/pengzhen/code/pointcloud_dataset_set/dataset/SYSSIFOSS/SYSSIFOSS_v1.0_Aligned_version/BR01/Annotations/FagSyl_BR01_P4T9.txt--
--instances_path---/home/pengzhen/code/pointcloud_dataset_set/dataset/SYSSIFOSS/SYSSIFOSS_v1.0_Aligned_version/BR01/Annotations/FagSyl_BR01_P19T5.txt--
--instances_path---/home/pengzhen/code/pointcloud_dataset_set/dataset/SYSSIFOSS/SYSSIFOSS_v1.0_Aligned_version/BR01/Annotations/QuePet_BR01_P5T21.txt--
--instances_path---/home/pengzhen/code/pointcloud_dataset_set/dataset/SYSSIFOSS/SYSSIFOSS_v1.0_Aligned_version/BR01/Annotations/PicAbi_BR01_P16T6.txt--
--instances_path---/home/pengzhen/code/pointcloud_dataset_set/dataset/SYSSIFOSS/SYSSIFOSS_v1.0_Aligned_version/BR01/Annotations/CarBet_BR01_P18T23.txt--
--instances_path---/home/pengzhen/code/pointcloud_dataset_set/dataset/SYSSIFOSS/SYSSIFOSS_v1.0_Aligned_version/BR01/Annotations/CarBet_BR01_P22T35.txt--
--instances_path---/home/pengzhen/code/pointcloud_dataset_set/dataset/SYSSIFOSS/SYSSIFOSS_v1.0_Aligned_version/BR01/Annotations/PicAbi_BR01_P17T19.txt--
--instances_path---/home/pengzhen/code/pointcloud_dataset_set/dataset/SYSSIFOSS/SYSSIFOSS_v1.0_Aligned_version/BR01/Annotations/CarBet_BR01_P20T14.txt--
--instances_path---/home/pengzhen/code/pointcloud_dataset_set/dataset/SYSSIFOSS/SYSSIFOSS_v1.0_Aligned_version/BR01/Annotations/QuePet_BR01_P12T28.txt--
--instances_path---/home/pengzhen/code/pointcloud_dataset_set/dataset/SYSSIFOSS/SYSSIFOSS_v1.0_Aligned_version/BR01/Annotations/PicAbi_BR01_P11T21.txt--
--instances_path---/home/pengzhen/code/pointcloud_dataset_set/dataset/SYSSIFOSS/SYSSIFOSS_v1.0_Aligned_version/BR01/Annotations/QuePet_BR01_04.txt--
--instances_path---/home/pengzhen/code/pointcloud_dataset_set/dataset/SYSSIFOSS/SYSSIFOSS_v1.0_Aligned_version/BR01/Annotations/PicAbi_BR01_P17T3.txt--
--instances_path---/home/pengzhen/code/pointcloud_dataset_set/dataset/SYSSIFOSS/SYSSIFOSS_v1.0_Aligned_version/BR01/Annotations/QuePet_BR01_P6T7.txt--
--instances_path---/home/pengzhen/code/pointcloud_dataset_set/dataset/SYSSIFOSS/SYSSIFOSS_v1.0_Aligned_version/BR01/Annotations/FagSyl_BR01_P4T8.txt--
--instances_path---/home/pengzhen/code/pointcloud_dataset_set/dataset/SYSSIFOSS/SYSSIFOSS_v1.0_Aligned_version/BR01/Annotations/PicAbi_BR01_P17T24.txt--
--instances_path---/home/pengzhen/code/pointcloud_dataset_set/dataset/SYSSIFOSS/SYSSIFOSS_v1.0_Aligned_version/BR01/Annotations/QuePet_BR01_P21T27.txt--
--instances_path---/home/pengzhen/code/pointcloud_dataset_set/dataset/SYSSIFOSS/SYSSIFOSS_v1.0_Aligned_version/BR01/Annotations/QuePet_BR01_P21T4.txt--
--instances_path---/home/pengzhen/code/pointcloud_dataset_set/dataset/SYSSIFOSS/SYSSIFOSS_v1.0_Aligned_version/BR01/Annotations/FagSyl_BR01_P25T17.txt--
--instances_path---/home/pengzhen/code/pointcloud_dataset_set/dataset/SYSSIFOSS/SYSSIFOSS_v1.0_Aligned_version/BR01/Annotations/PseMen_BR01_P9T2.txt--
--instances_path---/home/pengzhen/code/pointcloud_dataset_set/dataset/SYSSIFOSS/SYSSIFOSS_v1.0_Aligned_version/BR01/Annotations/QuePet_BR01_P7T17.txt--
--instances_path---/home/pengzhen/code/pointcloud_dataset_set/dataset/SYSSIFOSS/SYSSIFOSS_v1.0_Aligned_version/BR01/Annotations/PicAbi_BR01_P7T16.txt--
--instances_path---/home/pengzhen/code/pointcloud_dataset_set/dataset/SYSSIFOSS/SYSSIFOSS_v1.0_Aligned_version/BR01/Annotations/QuePet_BR01_P17T20.txt--
--instances_path---/home/pengzhen/code/pointcloud_dataset_set/dataset/SYSSIFOSS/SYSSIFOSS_v1.0_Aligned_version/BR01/Annotations/PicAbi_BR01_P17T13.txt--
--instances_path---/home/pengzhen/code/pointcloud_dataset_set/dataset/SYSSIFOSS/SYSSIFOSS_v1.0_Aligned_version/BR01/Annotations/PseMen_BR01_P10T7.txt--
--instances_path---/home/pengzhen/code/pointcloud_dataset_set/dataset/SYSSIFOSS/SYSSIFOSS_v1.0_Aligned_version/BR01/Annotations/PicAbi_BR01_P11T26.txt--
--instances_path---/home/pengzhen/code/pointcloud_dataset_set/dataset/SYSSIFOSS/SYSSIFOSS_v1.0_Aligned_version/BR01/Annotations/PicAbi_BR01_P12T01.txt--
--instances_path---/home/pengzhen/code/pointcloud_dataset_set/dataset/SYSSIFOSS/SYSSIFOSS_v1.0_Aligned_version/BR01/Annotations/QuePet_BR01_P21T10.txt--
--instances_path---/home/pengzhen/code/pointcloud_dataset_set/dataset/SYSSIFOSS/SYSSIFOSS_v1.0_Aligned_version/BR01/Annotations/CarBet_BR01_P22T26.txt--
--instances_path---/home/pengzhen/code/pointcloud_dataset_set/dataset/SYSSIFOSS/SYSSIFOSS_v1.0_Aligned_version/BR01/Annotations/QuePet_BR01_P12T15.txt--
--instances_path---/home/pengzhen/code/pointcloud_dataset_set/dataset/SYSSIFOSS/SYSSIFOSS_v1.0_Aligned_version/BR01/Annotations/QuePet_BR01_P21T45.txt--
--instances_path---/home/pengzhen/code/pointcloud_dataset_set/dataset/SYSSIFOSS/SYSSIFOSS_v1.0_Aligned_version/BR01/Annotations/PicAbi_BR01_P11T31.txt--
--instances_path---/home/pengzhen/code/pointcloud_dataset_set/dataset/SYSSIFOSS/SYSSIFOSS_v1.0_Aligned_version/BR01/Annotations/FagSyl_BR01_P24T05.txt--
--instances_path---/home/pengzhen/code/pointcloud_dataset_set/dataset/SYSSIFOSS/SYSSIFOSS_v1.0_Aligned_version/BR01/Annotations/FagSyl_BR01_P24T03.txt--
--instances_path---/home/pengzhen/code/pointcloud_dataset_set/dataset/SYSSIFOSS/SYSSIFOSS_v1.0_Aligned_version/BR01/Annotations/FagSyl_BR01_P8T5.txt--
--instances_path---/home/pengzhen/code/pointcloud_dataset_set/dataset/SYSSIFOSS/SYSSIFOSS_v1.0_Aligned_version/BR01/Annotations/PseMen_BR01_P10T5.txt--
--instances_path---/home/pengzhen/code/pointcloud_dataset_set/dataset/SYSSIFOSS/SYSSIFOSS_v1.0_Aligned_version/BR01/Annotations/CarBet_BR01_P7T37.txt--
--instances_path---/home/pengzhen/code/pointcloud_dataset_set/dataset/SYSSIFOSS/SYSSIFOSS_v1.0_Aligned_version/BR01/Annotations/PicAbi_BR01_P12T08.txt--
--instances_path---/home/pengzhen/code/pointcloud_dataset_set/dataset/SYSSIFOSS/SYSSIFOSS_v1.0_Aligned_version/BR01/Annotations/QuePet_BR01_P16T18.txt--
--instances_path---/home/pengzhen/code/pointcloud_dataset_set/dataset/SYSSIFOSS/SYSSIFOSS_v1.0_Aligned_version/BR01/Annotations/PicAbi_BR01_P12T23.txt--
--instances_path---/home/pengzhen/code/pointcloud_dataset_set/dataset/SYSSIFOSS/SYSSIFOSS_v1.0_Aligned_version/BR01/Annotations/PicAbi_BR01_P16T20.txt--
--instances_path---/home/pengzhen/code/pointcloud_dataset_set/dataset/SYSSIFOSS/SYSSIFOSS_v1.0_Aligned_version/BR01/Annotations/FagSyl_BR01_P18T26.txt--
--instances_path---/home/pengzhen/code/pointcloud_dataset_set/dataset/SYSSIFOSS/SYSSIFOSS_v1.0_Aligned_version/BR01/Annotations/FagSyl_BR01_P19T10a.txt--
--instances_path---/home/pengzhen/code/pointcloud_dataset_set/dataset/SYSSIFOSS/SYSSIFOSS_v1.0_Aligned_version/BR01/Annotations/CarBet_BR01_P18T8.txt--
--instances_path---/home/pengzhen/code/pointcloud_dataset_set/dataset/SYSSIFOSS/SYSSIFOSS_v1.0_Aligned_version/BR01/Annotations/QuePet_BR01_P21T31.txt--
--instances_path---/home/pengzhen/code/pointcloud_dataset_set/dataset/SYSSIFOSS/SYSSIFOSS_v1.0_Aligned_version/BR01/Annotations/QuePet_BR01_P7T20.txt--
--instances_path---/home/pengzhen/code/pointcloud_dataset_set/dataset/SYSSIFOSS/SYSSIFOSS_v1.0_Aligned_version/BR01/Annotations/PseMen_BR01_P15T02.txt--
--instances_path---/home/pengzhen/code/pointcloud_dataset_set/dataset/SYSSIFOSS/SYSSIFOSS_v1.0_Aligned_version/BR01/Annotations/QuePet_BR01_P5T8.txt--
--instances_path---/home/pengzhen/code/pointcloud_dataset_set/dataset/SYSSIFOSS/SYSSIFOSS_v1.0_Aligned_version/BR01/Annotations/CarBet_BR01_P24T11.txt--
--instances_path---/home/pengzhen/code/pointcloud_dataset_set/dataset/SYSSIFOSS/SYSSIFOSS_v1.0_Aligned_version/BR01/Annotations/CarBet_BR01_P18T15.txt--
--instances_path---/home/pengzhen/code/pointcloud_dataset_set/dataset/SYSSIFOSS/SYSSIFOSS_v1.0_Aligned_version/BR01/Annotations/FagSyl_BR01_P16T10.txt--
--instances_path---/home/pengzhen/code/pointcloud_dataset_set/dataset/SYSSIFOSS/SYSSIFOSS_v1.0_Aligned_version/BR01/Annotations/FagSyl_BR01_P25T11.txt--
--instances_path---/home/pengzhen/code/pointcloud_dataset_set/dataset/SYSSIFOSS/SYSSIFOSS_v1.0_Aligned_version/BR01/Annotations/QuePet_BR01_P16T1.txt--
--instances_path---/home/pengzhen/code/pointcloud_dataset_set/dataset/SYSSIFOSS/SYSSIFOSS_v1.0_Aligned_version/BR01/Annotations/FagSyl_BR01_05.txt--
--instances_path---/home/pengzhen/code/pointcloud_dataset_set/dataset/SYSSIFOSS/SYSSIFOSS_v1.0_Aligned_version/BR01/Annotations/PseMen_BR01_P5T2.txt--
--instances_path---/home/pengzhen/code/pointcloud_dataset_set/dataset/SYSSIFOSS/SYSSIFOSS_v1.0_Aligned_version/BR01/Annotations/PicAbi_BR01_P7T26.txt--
--instances_path---/home/pengzhen/code/pointcloud_dataset_set/dataset/SYSSIFOSS/SYSSIFOSS_v1.0_Aligned_version/BR01/Annotations/QuePet_BR01_P21T7.txt--
--instances_path---/home/pengzhen/code/pointcloud_dataset_set/dataset/SYSSIFOSS/SYSSIFOSS_v1.0_Aligned_version/BR01/Annotations/QuePet_BR01_P7T5.txt--
--instances_path---/home/pengzhen/code/pointcloud_dataset_set/dataset/SYSSIFOSS/SYSSIFOSS_v1.0_Aligned_version/BR01/Annotations/QuePet_BR01_P11T55.txt--
--instances_path---/home/pengzhen/code/pointcloud_dataset_set/dataset/SYSSIFOSS/SYSSIFOSS_v1.0_Aligned_version/BR01/Annotations/FagSyl_BR01_P10T9.txt--
--instances_path---/home/pengzhen/code/pointcloud_dataset_set/dataset/SYSSIFOSS/SYSSIFOSS_v1.0_Aligned_version/BR01/Annotations/QuePet_BR01_P7T4.txt--
--instances_path---/home/pengzhen/code/pointcloud_dataset_set/dataset/SYSSIFOSS/SYSSIFOSS_v1.0_Aligned_version/BR01/Annotations/FagSyl_BR01_P23T03.txt--
--instances_path---/home/pengzhen/code/pointcloud_dataset_set/dataset/SYSSIFOSS/SYSSIFOSS_v1.0_Aligned_version/BR01/Annotations/PicAbi_BR01_P12T27.txt--
--instances_path---/home/pengzhen/code/pointcloud_dataset_set/dataset/SYSSIFOSS/SYSSIFOSS_v1.0_Aligned_version/BR01/Annotations/PseMen_BR01_P8T1.txt--
--instances_path---/home/pengzhen/code/pointcloud_dataset_set/dataset/SYSSIFOSS/SYSSIFOSS_v1.0_Aligned_version/BR01/Annotations/PicAbi_BR01_P16T24.txt--
--instances_path---/home/pengzhen/code/pointcloud_dataset_set/dataset/SYSSIFOSS/SYSSIFOSS_v1.0_Aligned_version/BR01/Annotations/PruAvi_BR01_P19T11.txt--
--instances_path---/home/pengzhen/code/pointcloud_dataset_set/dataset/SYSSIFOSS/SYSSIFOSS_v1.0_Aligned_version/BR01/Annotations/PicAbi_BR01_P12T14.txt--
--instances_path---/home/pengzhen/code/pointcloud_dataset_set/dataset/SYSSIFOSS/SYSSIFOSS_v1.0_Aligned_version/BR01/Annotations/QuePet_BR01_P21T8.txt--
--instances_path---/home/pengzhen/code/pointcloud_dataset_set/dataset/SYSSIFOSS/SYSSIFOSS_v1.0_Aligned_version/BR01/Annotations/QuePet_BR01_P21T12.txt--
--instances_path---/home/pengzhen/code/pointcloud_dataset_set/dataset/SYSSIFOSS/SYSSIFOSS_v1.0_Aligned_version/BR01/Annotations/QuePet_BR01_06.txt--
--instances_path---/home/pengzhen/code/pointcloud_dataset_set/dataset/SYSSIFOSS/SYSSIFOSS_v1.0_Aligned_version/BR01/Annotations/CarBet_BR01_P18T6.txt--
--instances_path---/home/pengzhen/code/pointcloud_dataset_set/dataset/SYSSIFOSS/SYSSIFOSS_v1.0_Aligned_version/BR01/Annotations/QuePet_BR01_P21T23.txt--
--instances_path---/home/pengzhen/code/pointcloud_dataset_set/dataset/SYSSIFOSS/SYSSIFOSS_v1.0_Aligned_version/BR01/Annotations/CarBet_BR01_P22T21.txt--
--instances_path---/home/pengzhen/code/pointcloud_dataset_set/dataset/SYSSIFOSS/SYSSIFOSS_v1.0_Aligned_version/BR01/Annotations/QuePet_BR01_P21T35.txt--
--instances_path---/home/pengzhen/code/pointcloud_dataset_set/dataset/SYSSIFOSS/SYSSIFOSS_v1.0_Aligned_version/BR01/Annotations/QuePet_BR01_P11T52.txt--
--instances_path---/home/pengzhen/code/pointcloud_dataset_set/dataset/SYSSIFOSS/SYSSIFOSS_v1.0_Aligned_version/BR01/Annotations/FraExc_BR01_P22T31.txt--
--instances_path---/home/pengzhen/code/pointcloud_dataset_set/dataset/SYSSIFOSS/SYSSIFOSS_v1.0_Aligned_version/BR01/Annotations/QuePet_BR01_P21T11.txt--
--instances_path---/home/pengzhen/code/pointcloud_dataset_set/dataset/SYSSIFOSS/SYSSIFOSS_v1.0_Aligned_version/BR01/Annotations/PicAbi_BR01_P11T60.txt--
--instances_path---/home/pengzhen/code/pointcloud_dataset_set/dataset/SYSSIFOSS/SYSSIFOSS_v1.0_Aligned_version/BR01/Annotations/PseMen_BR01_P22T7.txt--
--instances_path---/home/pengzhen/code/pointcloud_dataset_set/dataset/SYSSIFOSS/SYSSIFOSS_v1.0_Aligned_version/BR01/Annotations/FagSyl_BR01_P16T9.txt--
--instances_path---/home/pengzhen/code/pointcloud_dataset_set/dataset/SYSSIFOSS/SYSSIFOSS_v1.0_Aligned_version/BR01/Annotations/FagSyl_BR01_P14T10.txt--
--instances_path---/home/pengzhen/code/pointcloud_dataset_set/dataset/SYSSIFOSS/SYSSIFOSS_v1.0_Aligned_version/BR01/Annotations/CarBet_BR01_P5T22.txt--
--instances_path---/home/pengzhen/code/pointcloud_dataset_set/dataset/SYSSIFOSS/SYSSIFOSS_v1.0_Aligned_version/BR01/Annotations/PicAbi_BR01_P16T15.txt--
--instances_path---/home/pengzhen/code/pointcloud_dataset_set/dataset/SYSSIFOSS/SYSSIFOSS_v1.0_Aligned_version/BR01/Annotations/PicAbi_BR01_P12T12.txt--
--instances_path---/home/pengzhen/code/pointcloud_dataset_set/dataset/SYSSIFOSS/SYSSIFOSS_v1.0_Aligned_version/BR01/Annotations/CarBet_BR01_P22T25.txt--
--instances_path---/home/pengzhen/code/pointcloud_dataset_set/dataset/SYSSIFOSS/SYSSIFOSS_v1.0_Aligned_version/BR01/Annotations/FagSyl_BR01_P15T03.txt--
--instances_path---/home/pengzhen/code/pointcloud_dataset_set/dataset/SYSSIFOSS/SYSSIFOSS_v1.0_Aligned_version/BR01/Annotations/FagSyl_BR01_P24T02.txt--
--instances_path---/home/pengzhen/code/pointcloud_dataset_set/dataset/SYSSIFOSS/SYSSIFOSS_v1.0_Aligned_version/BR01/Annotations/QuePet_BR01_09.txt--
--instances_path---/home/pengzhen/code/pointcloud_dataset_set/dataset/SYSSIFOSS/SYSSIFOSS_v1.0_Aligned_version/BR01/Annotations/QuePet_BR01_P17T36.txt--
--instances_path---/home/pengzhen/code/pointcloud_dataset_set/dataset/SYSSIFOSS/SYSSIFOSS_v1.0_Aligned_version/BR01/Annotations/CarBet_BR01_P22T24.txt--
--instances_path---/home/pengzhen/code/pointcloud_dataset_set/dataset/SYSSIFOSS/SYSSIFOSS_v1.0_Aligned_version/BR01/Annotations/QuePet_BR01_P11T23.txt--
--instances_path---/home/pengzhen/code/pointcloud_dataset_set/dataset/SYSSIFOSS/SYSSIFOSS_v1.0_Aligned_version/BR01/Annotations/PicAbi_BR01_P6T15.txt--
--instances_path---/home/pengzhen/code/pointcloud_dataset_set/dataset/SYSSIFOSS/SYSSIFOSS_v1.0_Aligned_version/BR01/Annotations/PseMen_BR01_P7T1.txt--
--instances_path---/home/pengzhen/code/pointcloud_dataset_set/dataset/SYSSIFOSS/SYSSIFOSS_v1.0_Aligned_version/BR01/Annotations/PicAbi_BR01_P12T06a.txt--
--instances_path---/home/pengzhen/code/pointcloud_dataset_set/dataset/SYSSIFOSS/SYSSIFOSS_v1.0_Aligned_version/BR01/Annotations/PicAbi_BR01_P11T77.txt--
--instances_path---/home/pengzhen/code/pointcloud_dataset_set/dataset/SYSSIFOSS/SYSSIFOSS_v1.0_Aligned_version/BR01/Annotations/QuePet_BR01_P5T10.txt--
--instances_path---/home/pengzhen/code/pointcloud_dataset_set/dataset/SYSSIFOSS/SYSSIFOSS_v1.0_Aligned_version/BR01/Annotations/QuePet_BR01_P21T14.txt--
--instances_path---/home/pengzhen/code/pointcloud_dataset_set/dataset/SYSSIFOSS/SYSSIFOSS_v1.0_Aligned_version/BR01/Annotations/AceCam_BR01_P21T42.txt--
--instances_path---/home/pengzhen/code/pointcloud_dataset_set/dataset/SYSSIFOSS/SYSSIFOSS_v1.0_Aligned_version/BR01/Annotations/PicAbi_BR01_P21T33.txt--
--instances_path---/home/pengzhen/code/pointcloud_dataset_set/dataset/SYSSIFOSS/SYSSIFOSS_v1.0_Aligned_version/BR01/Annotations/FagSyl_BR01_P18T13.txt--
--instances_path---/home/pengzhen/code/pointcloud_dataset_set/dataset/SYSSIFOSS/SYSSIFOSS_v1.0_Aligned_version/BR01/Annotations/PicAbi_BR01_P7T23.txt--
--instances_path---/home/pengzhen/code/pointcloud_dataset_set/dataset/SYSSIFOSS/SYSSIFOSS_v1.0_Aligned_version/BR01/Annotations/PicAbi_BR01_P17T25.txt--
--instances_path---/home/pengzhen/code/pointcloud_dataset_set/dataset/SYSSIFOSS/SYSSIFOSS_v1.0_Aligned_version/BR01/Annotations/QuePet_BR01_P12T04.txt--
--instances_path---/home/pengzhen/code/pointcloud_dataset_set/dataset/SYSSIFOSS/SYSSIFOSS_v1.0_Aligned_version/BR01/Annotations/FagSyl_BR01_P18T7.txt--
--instances_path---/home/pengzhen/code/pointcloud_dataset_set/dataset/SYSSIFOSS/SYSSIFOSS_v1.0_Aligned_version/BR01/Annotations/PruAvi_BR01_P18T20.txt--
--instances_path---/home/pengzhen/code/pointcloud_dataset_set/dataset/SYSSIFOSS/SYSSIFOSS_v1.0_Aligned_version/BR01/Annotations/CarBet_BR01_P7T32.txt--
--instances_path---/home/pengzhen/code/pointcloud_dataset_set/dataset/SYSSIFOSS/SYSSIFOSS_v1.0_Aligned_version/BR01/Annotations/PicAbi_BR01_P7T31.txt--
--instances_path---/home/pengzhen/code/pointcloud_dataset_set/dataset/SYSSIFOSS/SYSSIFOSS_v1.0_Aligned_version/BR01/Annotations/FagSyl_BR01_02.txt--
--instances_path---/home/pengzhen/code/pointcloud_dataset_set/dataset/SYSSIFOSS/SYSSIFOSS_v1.0_Aligned_version/BR01/Annotations/PseMen_BR01_P9T6.txt--
--instances_path---/home/pengzhen/code/pointcloud_dataset_set/dataset/SYSSIFOSS/SYSSIFOSS_v1.0_Aligned_version/BR01/Annotations/FagSyl_BR01_P22T12.txt--
--instances_path---/home/pengzhen/code/pointcloud_dataset_set/dataset/SYSSIFOSS/SYSSIFOSS_v1.0_Aligned_version/BR01/Annotations/PicAbi_BR01_P11T36.txt--
--instances_path---/home/pengzhen/code/pointcloud_dataset_set/dataset/SYSSIFOSS/SYSSIFOSS_v1.0_Aligned_version/BR01/Annotations/AceCam_BR01_P21T41.txt--
--instances_path---/home/pengzhen/code/pointcloud_dataset_set/dataset/SYSSIFOSS/SYSSIFOSS_v1.0_Aligned_version/BR01/Annotations/PicAbi_BR01_P11T66.txt--
--instances_path---/home/pengzhen/code/pointcloud_dataset_set/dataset/SYSSIFOSS/SYSSIFOSS_v1.0_Aligned_version/BR01/Annotations/QuePet_BR01_P21T40.txt--
--instances_path---/home/pengzhen/code/pointcloud_dataset_set/dataset/SYSSIFOSS/SYSSIFOSS_v1.0_Aligned_version/BR01/Annotations/AcePse_BR01_P7T14.txt--
--instances_path---/home/pengzhen/code/pointcloud_dataset_set/dataset/SYSSIFOSS/SYSSIFOSS_v1.0_Aligned_version/BR01/Annotations/CarBet_BR01_P13T02.txt--
--instances_path---/home/pengzhen/code/pointcloud_dataset_set/dataset/SYSSIFOSS/SYSSIFOSS_v1.0_Aligned_version/BR01/Annotations/PicAbi_BR01_P7T22.txt--
--instances_path---/home/pengzhen/code/pointcloud_dataset_set/dataset/SYSSIFOSS/SYSSIFOSS_v1.0_Aligned_version/BR01/Annotations/PicAbi_BR01_P7T6.txt--
--instances_path---/home/pengzhen/code/pointcloud_dataset_set/dataset/SYSSIFOSS/SYSSIFOSS_v1.0_Aligned_version/BR01/Annotations/QuePet_BR01_P11T46.txt--
--instances_path---/home/pengzhen/code/pointcloud_dataset_set/dataset/SYSSIFOSS/SYSSIFOSS_v1.0_Aligned_version/BR01/Annotations/CarBet_BR01_P20T12.txt--
--instances_path---/home/pengzhen/code/pointcloud_dataset_set/dataset/SYSSIFOSS/SYSSIFOSS_v1.0_Aligned_version/BR01/Annotations/FagSyl_BR01_P19T8.txt--
--instances_path---/home/pengzhen/code/pointcloud_dataset_set/dataset/SYSSIFOSS/SYSSIFOSS_v1.0_Aligned_version/BR01/Annotations/QuePet_BR01_P11T6.txt--
--instances_path---/home/pengzhen/code/pointcloud_dataset_set/dataset/SYSSIFOSS/SYSSIFOSS_v1.0_Aligned_version/BR01/Annotations/PseMen_BR01_P9T3.txt--
--instances_path---/home/pengzhen/code/pointcloud_dataset_set/dataset/SYSSIFOSS/SYSSIFOSS_v1.0_Aligned_version/BR01/Annotations/PicAbi_BR01_P11T10.txt--
--instances_path---/home/pengzhen/code/pointcloud_dataset_set/dataset/SYSSIFOSS/SYSSIFOSS_v1.0_Aligned_version/BR01/Annotations/QuePet_BR01_P21T43.txt--
--instances_path---/home/pengzhen/code/pointcloud_dataset_set/dataset/SYSSIFOSS/SYSSIFOSS_v1.0_Aligned_version/BR01/Annotations/PruAvi_BR01_P22T23.txt--
--instances_path---/home/pengzhen/code/pointcloud_dataset_set/dataset/SYSSIFOSS/SYSSIFOSS_v1.0_Aligned_version/BR01/Annotations/FagSyl_BR01_P5T7.txt--
--instances_path---/home/pengzhen/code/pointcloud_dataset_set/dataset/SYSSIFOSS/SYSSIFOSS_v1.0_Aligned_version/BR01/Annotations/CarBet_BR01_P7T13.txt--
--instances_path---/home/pengzhen/code/pointcloud_dataset_set/dataset/SYSSIFOSS/SYSSIFOSS_v1.0_Aligned_version/BR01/Annotations/QuePet_BR01_P21T9.txt--
--instances_path---/home/pengzhen/code/pointcloud_dataset_set/dataset/SYSSIFOSS/SYSSIFOSS_v1.0_Aligned_version/BR01/Annotations/FagSyl_BR01_P17T1.txt--
--instances_path---/home/pengzhen/code/pointcloud_dataset_set/dataset/SYSSIFOSS/SYSSIFOSS_v1.0_Aligned_version/BR01/Annotations/QuePet_BR01_P25T6.txt--
--instances_path---/home/pengzhen/code/pointcloud_dataset_set/dataset/SYSSIFOSS/SYSSIFOSS_v1.0_Aligned_version/BR01/Annotations/QuePet_BR01_P12T06.txt--
--instances_path---/home/pengzhen/code/pointcloud_dataset_set/dataset/SYSSIFOSS/SYSSIFOSS_v1.0_Aligned_version/BR01/Annotations/AceCam_BR01_P6T5.txt--
--instances_path---/home/pengzhen/code/pointcloud_dataset_set/dataset/SYSSIFOSS/SYSSIFOSS_v1.0_Aligned_version/BR01/Annotations/QuePet_BR01_P7T21.txt--
--instances_path---/home/pengzhen/code/pointcloud_dataset_set/dataset/SYSSIFOSS/SYSSIFOSS_v1.0_Aligned_version/BR01/Annotations/LarDec_BR01_P18T17.txt--
--instances_path---/home/pengzhen/code/pointcloud_dataset_set/dataset/SYSSIFOSS/SYSSIFOSS_v1.0_Aligned_version/BR01/Annotations/CarBet_BR01_P22T34.txt--
--instances_path---/home/pengzhen/code/pointcloud_dataset_set/dataset/SYSSIFOSS/SYSSIFOSS_v1.0_Aligned_version/BR01/Annotations/FagSyl_BR01_P15T07.txt--
--instances_path---/home/pengzhen/code/pointcloud_dataset_set/dataset/SYSSIFOSS/SYSSIFOSS_v1.0_Aligned_version/BR01/Annotations/FagSyl_BR01_P8T8.txt--
--instances_path---/home/pengzhen/code/pointcloud_dataset_set/dataset/SYSSIFOSS/SYSSIFOSS_v1.0_Aligned_version/BR01/Annotations/FagSyl_BR01_P20T7.txt--
--instances_path---/home/pengzhen/code/pointcloud_dataset_set/dataset/SYSSIFOSS/SYSSIFOSS_v1.0_Aligned_version/BR01/Annotations/PseMen_BR01_P10T2.txt--
--instances_path---/home/pengzhen/code/pointcloud_dataset_set/dataset/SYSSIFOSS/SYSSIFOSS_v1.0_Aligned_version/BR01/Annotations/FagSyl_BR01_P20T8.txt--
--instances_path---/home/pengzhen/code/pointcloud_dataset_set/dataset/SYSSIFOSS/SYSSIFOSS_v1.0_Aligned_version/BR01/Annotations/PruAvi_BR01_P18T25.txt--
--instances_path---/home/pengzhen/code/pointcloud_dataset_set/dataset/SYSSIFOSS/SYSSIFOSS_v1.0_Aligned_version/BR01/Annotations/PicAbi_BR01_P17T22.txt--
--instances_path---/home/pengzhen/code/pointcloud_dataset_set/dataset/SYSSIFOSS/SYSSIFOSS_v1.0_Aligned_version/BR01/Annotations/PicAbi_BR01_P11T22.txt--
--instances_path---/home/pengzhen/code/pointcloud_dataset_set/dataset/SYSSIFOSS/SYSSIFOSS_v1.0_Aligned_version/BR01/Annotations/FagSyl_BR01_P20T16.txt--
--instances_path---/home/pengzhen/code/pointcloud_dataset_set/dataset/SYSSIFOSS/SYSSIFOSS_v1.0_Aligned_version/BR01/Annotations/PicAbi_BR01_P11T43.txt--
--instances_path---/home/pengzhen/code/pointcloud_dataset_set/dataset/SYSSIFOSS/SYSSIFOSS_v1.0_Aligned_version/BR01/Annotations/PruAvi_BR01_P22T16.txt--
--instances_path---/home/pengzhen/code/pointcloud_dataset_set/dataset/SYSSIFOSS/SYSSIFOSS_v1.0_Aligned_version/BR01/Annotations/PicAbi_BR01_P11T20.txt--
--instances_path---/home/pengzhen/code/pointcloud_dataset_set/dataset/SYSSIFOSS/SYSSIFOSS_v1.0_Aligned_version/BR01/Annotations/QuePet_BR01_P6T9.txt--
--instances_path---/home/pengzhen/code/pointcloud_dataset_set/dataset/SYSSIFOSS/SYSSIFOSS_v1.0_Aligned_version/BR01/Annotations/QuePet_BR01_P21T32.txt--
--instances_path---/home/pengzhen/code/pointcloud_dataset_set/dataset/SYSSIFOSS/SYSSIFOSS_v1.0_Aligned_version/BR01/Annotations/QuePet_BR01_P6T17.txt--
--instances_path---/home/pengzhen/code/pointcloud_dataset_set/dataset/SYSSIFOSS/SYSSIFOSS_v1.0_Aligned_version/BR01/Annotations/FagSyl_BR01_P24T13.txt--
--instances_path---/home/pengzhen/code/pointcloud_dataset_set/dataset/SYSSIFOSS/SYSSIFOSS_v1.0_Aligned_version/BR01/Annotations/QuePet_BR01_P21T38.txt--
--instances_path---/home/pengzhen/code/pointcloud_dataset_set/dataset/SYSSIFOSS/SYSSIFOSS_v1.0_Aligned_version/BR01/Annotations/CarBet_BR01_P6T25a.txt--
--instances_path---/home/pengzhen/code/pointcloud_dataset_set/dataset/SYSSIFOSS/SYSSIFOSS_v1.0_Aligned_version/BR01/Annotations/FagSyl_BR01_P22T10.txt--
--instances_path---/home/pengzhen/code/pointcloud_dataset_set/dataset/SYSSIFOSS/SYSSIFOSS_v1.0_Aligned_version/BR01/Annotations/QuePet_BR01_P21T6.txt--
--instances_path---/home/pengzhen/code/pointcloud_dataset_set/dataset/SYSSIFOSS/SYSSIFOSS_v1.0_Aligned_version/BR01/Annotations/FagSyl_BR01_P23T04.txt--
--instances_path---/home/pengzhen/code/pointcloud_dataset_set/dataset/SYSSIFOSS/SYSSIFOSS_v1.0_Aligned_version/BR01/Annotations/QuePet_BR01_P21T18.txt--
--instances_path---/home/pengzhen/code/pointcloud_dataset_set/dataset/SYSSIFOSS/SYSSIFOSS_v1.0_Aligned_version/BR01/Annotations/FagSyl_BR01_P4T14.txt--
--instances_path---/home/pengzhen/code/pointcloud_dataset_set/dataset/SYSSIFOSS/SYSSIFOSS_v1.0_Aligned_version/BR01/Annotations/FagSyl_BR01_P18T18.txt--
--instances_path---/home/pengzhen/code/pointcloud_dataset_set/dataset/SYSSIFOSS/SYSSIFOSS_v1.0_Aligned_version/BR01/Annotations/FagSyl_BR01_P18T27.txt--
--instances_path---/home/pengzhen/code/pointcloud_dataset_set/dataset/SYSSIFOSS/SYSSIFOSS_v1.0_Aligned_version/BR01/Annotations/CarBet_BR01_P19T12.txt--
--instances_path---/home/pengzhen/code/pointcloud_dataset_set/dataset/SYSSIFOSS/SYSSIFOSS_v1.0_Aligned_version/BR01/Annotations/QuePet_BR01_P21T39.txt--
--instances_path---/home/pengzhen/code/pointcloud_dataset_set/dataset/SYSSIFOSS/SYSSIFOSS_v1.0_Aligned_version/BR01/Annotations/PicAbi_BR01_P18T30.txt--
--instances_path---/home/pengzhen/code/pointcloud_dataset_set/dataset/SYSSIFOSS/SYSSIFOSS_v1.0_Aligned_version/BR01/Annotations/FagSyl_BR01_P8T13.txt--
--instances_path---/home/pengzhen/code/pointcloud_dataset_set/dataset/SYSSIFOSS/SYSSIFOSS_v1.0_Aligned_version/BR01/Annotations/QuePet_BR01_P12T35.txt--
--instances_path---/home/pengzhen/code/pointcloud_dataset_set/dataset/SYSSIFOSS/SYSSIFOSS_v1.0_Aligned_version/BR01/Annotations/QuePet_BR01_P12T33.txt--
--instances_path---/home/pengzhen/code/pointcloud_dataset_set/dataset/SYSSIFOSS/SYSSIFOSS_v1.0_Aligned_version/BR01/Annotations/PruAvi_BR01_P7T8.txt--
--instances_path---/home/pengzhen/code/pointcloud_dataset_set/dataset/SYSSIFOSS/SYSSIFOSS_v1.0_Aligned_version/BR01/Annotations/PseMen_BR01_P10T8.txt--
--instances_path---/home/pengzhen/code/pointcloud_dataset_set/dataset/SYSSIFOSS/SYSSIFOSS_v1.0_Aligned_version/BR01/Annotations/QuePet_BR01_P5T12.txt--
--instances_path---/home/pengzhen/code/pointcloud_dataset_set/dataset/SYSSIFOSS/SYSSIFOSS_v1.0_Aligned_version/BR01/Annotations/PseMen_BR01_P5T1.txt--
--instances_path---/home/pengzhen/code/pointcloud_dataset_set/dataset/SYSSIFOSS/SYSSIFOSS_v1.0_Aligned_version/BR01/Annotations/FagSyl_BR01_04.txt--
--instances_path---/home/pengzhen/code/pointcloud_dataset_set/dataset/SYSSIFOSS/SYSSIFOSS_v1.0_Aligned_version/BR01/Annotations/CarBet_BR01_P7T30.txt--
--instances_path---/home/pengzhen/code/pointcloud_dataset_set/dataset/SYSSIFOSS/SYSSIFOSS_v1.0_Aligned_version/BR01/Annotations/QuePet_BR01_P16T21.txt--
--instances_path---/home/pengzhen/code/pointcloud_dataset_set/dataset/SYSSIFOSS/SYSSIFOSS_v1.0_Aligned_version/BR01/Annotations/PicAbi_BR01_P11T71.txt--
--instances_path---/home/pengzhen/code/pointcloud_dataset_set/dataset/SYSSIFOSS/SYSSIFOSS_v1.0_Aligned_version/BR01/Annotations/FagSyl_BR01_P22T29.txt--
--instances_path---/home/pengzhen/code/pointcloud_dataset_set/dataset/SYSSIFOSS/SYSSIFOSS_v1.0_Aligned_version/BR01/Annotations/QuePet_BR01_P21T15.txt--
--instances_path---/home/pengzhen/code/pointcloud_dataset_set/dataset/SYSSIFOSS/SYSSIFOSS_v1.0_Aligned_version/BR01/Annotations/FagSyl_BR01_P19T17.txt--
--instances_path---/home/pengzhen/code/pointcloud_dataset_set/dataset/SYSSIFOSS/SYSSIFOSS_v1.0_Aligned_version/BR01/Annotations/QuePet_BR01_P21T21.txt--
--instances_path---/home/pengzhen/code/pointcloud_dataset_set/dataset/SYSSIFOSS/SYSSIFOSS_v1.0_Aligned_version/BR01/Annotations/FagSyl_BR01_P18T28.txt--
--instances_path---/home/pengzhen/code/pointcloud_dataset_set/dataset/SYSSIFOSS/SYSSIFOSS_v1.0_Aligned_version/BR01/Annotations/FagSyl_BR01_P24T09.txt--
--instances_path---/home/pengzhen/code/pointcloud_dataset_set/dataset/SYSSIFOSS/SYSSIFOSS_v1.0_Aligned_version/BR01/Annotations/PruAvi_BR01_P7T12.txt--
--instances_path---/home/pengzhen/code/pointcloud_dataset_set/dataset/SYSSIFOSS/SYSSIFOSS_v1.0_Aligned_version/BR01/Annotations/QuePet_BR01_02.txt--
--instances_path---/home/pengzhen/code/pointcloud_dataset_set/dataset/SYSSIFOSS/SYSSIFOSS_v1.0_Aligned_version/BR01/Annotations/FagSyl_BR01_P14T07.txt--
--instances_path---/home/pengzhen/code/pointcloud_dataset_set/dataset/SYSSIFOSS/SYSSIFOSS_v1.0_Aligned_version/BR01/Annotations/PicAbi_BR01_P12T35a.txt--
--instances_path---/home/pengzhen/code/pointcloud_dataset_set/dataset/SYSSIFOSS/SYSSIFOSS_v1.0_Aligned_version/BR01/Annotations/QuePet_BR01_P21T36.txt--
--instances_path---/home/pengzhen/code/pointcloud_dataset_set/dataset/SYSSIFOSS/SYSSIFOSS_v1.0_Aligned_version/BR01/Annotations/PicAbi_BR01_P11T19.txt--
--instances_path---/home/pengzhen/code/pointcloud_dataset_set/dataset/SYSSIFOSS/SYSSIFOSS_v1.0_Aligned_version/BR01/Annotations/QuePet_BR01_P5T5.txt--
--instances_path---/home/pengzhen/code/pointcloud_dataset_set/dataset/SYSSIFOSS/SYSSIFOSS_v1.0_Aligned_version/BR01/Annotations/PicAbi_BR01_P12T19.txt--
--instances_path---/home/pengzhen/code/pointcloud_dataset_set/dataset/SYSSIFOSS/SYSSIFOSS_v1.0_Aligned_version/BR01/Annotations/QuePet_BR01_P21T25.txt--
--instances_path---/home/pengzhen/code/pointcloud_dataset_set/dataset/SYSSIFOSS/SYSSIFOSS_v1.0_Aligned_version/BR01/Annotations/FagSyl_BR01_P18T14.txt--
--instances_path---/home/pengzhen/code/pointcloud_dataset_set/dataset/SYSSIFOSS/SYSSIFOSS_v1.0_Aligned_version/BR01/Annotations/FagSyl_BR01_P17T30.txt--
--instances_path---/home/pengzhen/code/pointcloud_dataset_set/dataset/SYSSIFOSS/SYSSIFOSS_v1.0_Aligned_version/BR01/Annotations/QuePet_BR01_P12T05.txt--
--instances_path---/home/pengzhen/code/pointcloud_dataset_set/dataset/SYSSIFOSS/SYSSIFOSS_v1.0_Aligned_version/BR01/Annotations/PicAbi_BR01_P16T4.txt--
--instances_path---/home/pengzhen/code/pointcloud_dataset_set/dataset/SYSSIFOSS/SYSSIFOSS_v1.0_Aligned_version/BR01/Annotations/PruAvi_BR01_P17T2.txt--
--instances_path---/home/pengzhen/code/pointcloud_dataset_set/dataset/SYSSIFOSS/SYSSIFOSS_v1.0_Aligned_version/BR01/Annotations/PicAbi_BR01_P11T64.txt--
--instances_path---/home/pengzhen/code/pointcloud_dataset_set/dataset/SYSSIFOSS/SYSSIFOSS_v1.0_Aligned_version/BR01/Annotations/PicAbi_BR01_P12T09.txt--
--instances_path---/home/pengzhen/code/pointcloud_dataset_set/dataset/SYSSIFOSS/SYSSIFOSS_v1.0_Aligned_version/BR01/Annotations/CarBet_BR01_P6T22a.txt--
--instances_path---/home/pengzhen/code/pointcloud_dataset_set/dataset/SYSSIFOSS/SYSSIFOSS_v1.0_Aligned_version/BR01/Annotations/LarDec_BR01_P22T4.txt--
--instances_path---/home/pengzhen/code/pointcloud_dataset_set/dataset/SYSSIFOSS/SYSSIFOSS_v1.0_Aligned_version/BR01/Annotations/CarBet_BR01_P6T25.txt--
--instances_path---/home/pengzhen/code/pointcloud_dataset_set/dataset/SYSSIFOSS/SYSSIFOSS_v1.0_Aligned_version/BR01/Annotations/FagSyl_BR01_P18T29.txt--
--instances_path---/home/pengzhen/code/pointcloud_dataset_set/dataset/SYSSIFOSS/SYSSIFOSS_v1.0_Aligned_version/BR01/Annotations/FagSyl_BR01_P8T7.txt--
--instances_path---/home/pengzhen/code/pointcloud_dataset_set/dataset/SYSSIFOSS/SYSSIFOSS_v1.0_Aligned_version/BR01/Annotations/PicAbi_BR01_P17T34.txt--
--instances_path---/home/pengzhen/code/pointcloud_dataset_set/dataset/SYSSIFOSS/SYSSIFOSS_v1.0_Aligned_version/BR01/Annotations/PicAbi_BR01_P12T03.txt--
--instances_path---/home/pengzhen/code/pointcloud_dataset_set/dataset/SYSSIFOSS/SYSSIFOSS_v1.0_Aligned_version/BR01/Annotations/CarBet_BR01_P7T38.txt--
--instances_path---/home/pengzhen/code/pointcloud_dataset_set/dataset/SYSSIFOSS/SYSSIFOSS_v1.0_Aligned_version/BR01/Annotations/PicAbi_BR01_P17T8.txt--
--instances_path---/home/pengzhen/code/pointcloud_dataset_set/dataset/SYSSIFOSS/SYSSIFOSS_v1.0_Aligned_version/BR01/Annotations/FagSyl_BR01_P18T2.txt--
--instances_path---/home/pengzhen/code/pointcloud_dataset_set/dataset/SYSSIFOSS/SYSSIFOSS_v1.0_Aligned_version/BR01/Annotations/QuePet_BR01_P11T28.txt--
--instances_path---/home/pengzhen/code/pointcloud_dataset_set/dataset/SYSSIFOSS/SYSSIFOSS_v1.0_Aligned_version/BR01/Annotations/PicAbi_BR01_P11T29.txt--
--instances_path---/home/pengzhen/code/pointcloud_dataset_set/dataset/SYSSIFOSS/SYSSIFOSS_v1.0_Aligned_version/BR01/Annotations/QuePet_BR01_P12T20.txt--
--instances_path---/home/pengzhen/code/pointcloud_dataset_set/dataset/SYSSIFOSS/SYSSIFOSS_v1.0_Aligned_version/BR01/Annotations/QuePet_BR01_P21T20.txt--
--instances_path---/home/pengzhen/code/pointcloud_dataset_set/dataset/SYSSIFOSS/SYSSIFOSS_v1.0_Aligned_version/BR01/Annotations/LarDec_BR01_P18T1.txt--
--instances_path---/home/pengzhen/code/pointcloud_dataset_set/dataset/SYSSIFOSS/SYSSIFOSS_v1.0_Aligned_version/BR01/Annotations/LarDec_BR01_P23T01.txt--
--instances_path---/home/pengzhen/code/pointcloud_dataset_set/dataset/SYSSIFOSS/SYSSIFOSS_v1.0_Aligned_version/BR01/Annotations/FagSyl_BR01_P14T02.txt--
--instances_path---/home/pengzhen/code/pointcloud_dataset_set/dataset/SYSSIFOSS/SYSSIFOSS_v1.0_Aligned_version/BR01/Annotations/FagSyl_BR01_P20T19.txt--
--instances_path---/home/pengzhen/code/pointcloud_dataset_set/dataset/SYSSIFOSS/SYSSIFOSS_v1.0_Aligned_version/BR01/Annotations/FagSyl_BR01_P22T8.txt--
--instances_path---/home/pengzhen/code/pointcloud_dataset_set/dataset/SYSSIFOSS/SYSSIFOSS_v1.0_Aligned_version/BR01/Annotations/CarBet_BR01_P13T03.txt--
--instances_path---/home/pengzhen/code/pointcloud_dataset_set/dataset/SYSSIFOSS/SYSSIFOSS_v1.0_Aligned_version/BR01/Annotations/PruAvi_BR01_P25T15.txt--
--instances_path---/home/pengzhen/code/pointcloud_dataset_set/dataset/SYSSIFOSS/SYSSIFOSS_v1.0_Aligned_version/BR01/Annotations/FagSyl_BR01_P4T11.txt--
--instances_path---/home/pengzhen/code/pointcloud_dataset_set/dataset/SYSSIFOSS/SYSSIFOSS_v1.0_Aligned_version/BR01/Annotations/PicAbi_BR01_P17T21.txt--
--instances_path---/home/pengzhen/code/pointcloud_dataset_set/dataset/SYSSIFOSS/SYSSIFOSS_v1.0_Aligned_version/BR01/Annotations/PicAbi_BR01_P11T53.txt--
--instances_path---/home/pengzhen/code/pointcloud_dataset_set/dataset/SYSSIFOSS/SYSSIFOSS_v1.0_Aligned_version/BR01/Annotations/QuePet_BR01_P11T3.txt--
--instances_path---/home/pengzhen/code/pointcloud_dataset_set/dataset/SYSSIFOSS/SYSSIFOSS_v1.0_Aligned_version/BR01/Annotations/PicAbi_BR01_P17T12.txt--
--instances_path---/home/pengzhen/code/pointcloud_dataset_set/dataset/SYSSIFOSS/SYSSIFOSS_v1.0_Aligned_version/BR01/Annotations/PicAbi_BR01_P16T7.txt--
--instances_path---/home/pengzhen/code/pointcloud_dataset_set/dataset/SYSSIFOSS/SYSSIFOSS_v1.0_Aligned_version/BR01/Annotations/CarBet_BR01_P22T18.txt--
--instances_path---/home/pengzhen/code/pointcloud_dataset_set/dataset/SYSSIFOSS/SYSSIFOSS_v1.0_Aligned_version/BR01/Annotations/PseMen_BR01_P4T3.txt--
--instances_path---/home/pengzhen/code/pointcloud_dataset_set/dataset/SYSSIFOSS/SYSSIFOSS_v1.0_Aligned_version/BR01/Annotations/PicAbi_BR01_P17T6.txt--
--instances_path---/home/pengzhen/code/pointcloud_dataset_set/dataset/SYSSIFOSS/SYSSIFOSS_v1.0_Aligned_version/BR01/Annotations/FagSyl_BR01_P20T3.txt--
--instances_path---/home/pengzhen/code/pointcloud_dataset_set/dataset/SYSSIFOSS/SYSSIFOSS_v1.0_Aligned_version/BR01/Annotations/PicAbi_BR01_P11T63.txt--
--instances_path---/home/pengzhen/code/pointcloud_dataset_set/dataset/SYSSIFOSS/SYSSIFOSS_v1.0_Aligned_version/BR01/Annotations/PseMen_BR01_P9T5.txt--
--instances_path---/home/pengzhen/code/pointcloud_dataset_set/dataset/SYSSIFOSS/SYSSIFOSS_v1.0_Aligned_version/BR01/Annotations/FagSyl_BR01_P8T12.txt--
--instances_path---/home/pengzhen/code/pointcloud_dataset_set/dataset/SYSSIFOSS/SYSSIFOSS_v1.0_Aligned_version/BR01/Annotations/QuePet_BR01_P5T6.txt--
--instances_path---/home/pengzhen/code/pointcloud_dataset_set/dataset/SYSSIFOSS/SYSSIFOSS_v1.0_Aligned_version/BR01/Annotations/FagSyl_BR01_P24T07.txt--
--instances_path---/home/pengzhen/code/pointcloud_dataset_set/dataset/SYSSIFOSS/SYSSIFOSS_v1.0_Aligned_version/BR01/Annotations/FagSyl_BR01_P15T04.txt--
--instances_path---/home/pengzhen/code/pointcloud_dataset_set/dataset/SYSSIFOSS/SYSSIFOSS_v1.0_Aligned_version/BR01/Annotations/PicAbi_BR01_P11T33.txt--
--instances_path---/home/pengzhen/code/pointcloud_dataset_set/dataset/SYSSIFOSS/SYSSIFOSS_v1.0_Aligned_version/BR01/Annotations/FagSyl_BR01_P8T6.txt--
--instances_path---/home/pengzhen/code/pointcloud_dataset_set/dataset/SYSSIFOSS/SYSSIFOSS_v1.0_Aligned_version/BR01/Annotations/PseMen_BR01_P10T6.txt--
--instances_path---/home/pengzhen/code/pointcloud_dataset_set/dataset/SYSSIFOSS/SYSSIFOSS_v1.0_Aligned_version/BR01/Annotations/PicAbi_BR01_P11T56.txt--
--instances_path---/home/pengzhen/code/pointcloud_dataset_set/dataset/SYSSIFOSS/SYSSIFOSS_v1.0_Aligned_version/BR01/Annotations/FagSyl_BR01_P18T16.txt--
--instances_path---/home/pengzhen/code/pointcloud_dataset_set/dataset/SYSSIFOSS/SYSSIFOSS_v1.0_Aligned_version/BR01/Annotations/CarBet_BR01_P6T22.txt--
--instances_path---/home/pengzhen/code/pointcloud_dataset_set/dataset/SYSSIFOSS/SYSSIFOSS_v1.0_Aligned_version/BR01/Annotations/FagSyl_BR01_P5T17.txt--
--instances_path---/home/pengzhen/code/pointcloud_dataset_set/dataset/SYSSIFOSS/SYSSIFOSS_v1.0_Aligned_version/BR01/Annotations/FagSyl_BR01_P15T05.txt--
--instances_path---/home/pengzhen/code/pointcloud_dataset_set/dataset/SYSSIFOSS/SYSSIFOSS_v1.0_Aligned_version/BR01/Annotations/PicAbi_BR01_P12T25.txt--
--instances_path---/home/pengzhen/code/pointcloud_dataset_set/dataset/SYSSIFOSS/SYSSIFOSS_v1.0_Aligned_version/BR01/Annotations/PicAbi_BR01_P7T7.txt--
--instances_path---/home/pengzhen/code/pointcloud_dataset_set/dataset/SYSSIFOSS/SYSSIFOSS_v1.0_Aligned_version/BR01/Annotations/PruAvi_BR01_P25T5.txt--
--instances_path---/home/pengzhen/code/pointcloud_dataset_set/dataset/SYSSIFOSS/SYSSIFOSS_v1.0_Aligned_version/BR01/Annotations/QuePet_BR01_P16T23.txt--
--instances_path---/home/pengzhen/code/pointcloud_dataset_set/dataset/SYSSIFOSS/SYSSIFOSS_v1.0_Aligned_version/BR01/Annotations/FagSyl_BR01_P24T06.txt--
--instances_path---/home/pengzhen/code/pointcloud_dataset_set/dataset/SYSSIFOSS/SYSSIFOSS_v1.0_Aligned_version/BR01/Annotations/QuePet_BR01_P11T13.txt--
--instances_path---/home/pengzhen/code/pointcloud_dataset_set/dataset/SYSSIFOSS/SYSSIFOSS_v1.0_Aligned_version/BR01/Annotations/FagSyl_BR01_P8T10.txt--
--instances_path---/home/pengzhen/code/pointcloud_dataset_set/dataset/SYSSIFOSS/SYSSIFOSS_v1.0_Aligned_version/BR01/Annotations/QuePet_BR01_P16T12.txt--
--instances_path---/home/pengzhen/code/pointcloud_dataset_set/dataset/SYSSIFOSS/SYSSIFOSS_v1.0_Aligned_version/BR01/Annotations/PicAbi_BR01_P11T76.txt--
--instances_path---/home/pengzhen/code/pointcloud_dataset_set/dataset/SYSSIFOSS/SYSSIFOSS_v1.0_Aligned_version/BR01/Annotations/CarBet_BR01_P7T10.txt--
--instances_path---/home/pengzhen/code/pointcloud_dataset_set/dataset/SYSSIFOSS/SYSSIFOSS_v1.0_Aligned_version/BR01/Annotations/QuePet_BR01_P21T13.txt--
--instances_path---/home/pengzhen/code/pointcloud_dataset_set/dataset/SYSSIFOSS/SYSSIFOSS_v1.0_Aligned_version/BR01/Annotations/FagSyl_BR01_P22T3.txt--
--instances_path---/home/pengzhen/code/pointcloud_dataset_set/dataset/SYSSIFOSS/SYSSIFOSS_v1.0_Aligned_version/BR01/Annotations/PicAbi_BR01_P11T14.txt--
--instances_path---/home/pengzhen/code/pointcloud_dataset_set/dataset/SYSSIFOSS/SYSSIFOSS_v1.0_Aligned_version/BR01/Annotations/QuePet_BR01_P21T5.txt--
--instances_path---/home/pengzhen/code/pointcloud_dataset_set/dataset/SYSSIFOSS/SYSSIFOSS_v1.0_Aligned_version/BR01/Annotations/PicAbi_BR01_P16T8.txt--
--instances_path---/home/pengzhen/code/pointcloud_dataset_set/dataset/SYSSIFOSS/SYSSIFOSS_v1.0_Aligned_version/BR01/Annotations/PicAbi_BR01_P11T78.txt--
--instances_path---/home/pengzhen/code/pointcloud_dataset_set/dataset/SYSSIFOSS/SYSSIFOSS_v1.0_Aligned_version/BR01/Annotations/PicAbi_BR01_P11T72.txt--
--instances_path---/home/pengzhen/code/pointcloud_dataset_set/dataset/SYSSIFOSS/SYSSIFOSS_v1.0_Aligned_version/BR01/Annotations/FagSyl_BR01_P25T1.txt--
--instances_path---/home/pengzhen/code/pointcloud_dataset_set/dataset/SYSSIFOSS/SYSSIFOSS_v1.0_Aligned_version/BR01/Annotations/QuePet_BR01_P21T37.txt--
--instances_path---/home/pengzhen/code/pointcloud_dataset_set/dataset/SYSSIFOSS/SYSSIFOSS_v1.0_Aligned_version/BR01/Annotations/FagSyl_BR01_P5T18.txt--
--instances_path---/home/pengzhen/code/pointcloud_dataset_set/dataset/SYSSIFOSS/SYSSIFOSS_v1.0_Aligned_version/BR01/Annotations/QuePet_BR01_P21T28.txt--
--instances_path---/home/pengzhen/code/pointcloud_dataset_set/dataset/SYSSIFOSS/SYSSIFOSS_v1.0_Aligned_version/BR01/Annotations/FagSyl_BR01_P18T11.txt--
--instances_path---/home/pengzhen/code/pointcloud_dataset_set/dataset/SYSSIFOSS/SYSSIFOSS_v1.0_Aligned_version/BR01/Annotations/CarBet_BR01_P7T9.txt--
--instances_path---/home/pengzhen/code/pointcloud_dataset_set/dataset/SYSSIFOSS/SYSSIFOSS_v1.0_Aligned_version/BR01/Annotations/FagSyl_BR01_P22T17.txt--
--instances_path---/home/pengzhen/code/pointcloud_dataset_set/dataset/SYSSIFOSS/SYSSIFOSS_v1.0_Aligned_version/BR01/Annotations/PicAbi_BR01_P12T34.txt--
--instances_path---/home/pengzhen/code/pointcloud_dataset_set/dataset/SYSSIFOSS/SYSSIFOSS_v1.0_Aligned_version/BR01/Annotations/FagSyl_BR01_P6T6.txt--
--instances_path---/home/pengzhen/code/pointcloud_dataset_set/dataset/SYSSIFOSS/SYSSIFOSS_v1.0_Aligned_version/BR01/Annotations/FagSyl_BR01_P24T14.txt--
--instances_path---/home/pengzhen/code/pointcloud_dataset_set/dataset/SYSSIFOSS/SYSSIFOSS_v1.0_Aligned_version/BR01/Annotations/FagSyl_BR01_P5T16.txt--
--instances_path---/home/pengzhen/code/pointcloud_dataset_set/dataset/SYSSIFOSS/SYSSIFOSS_v1.0_Aligned_version/BR01/Annotations/PicAbi_BR01_P17T15.txt--
--instances_path---/home/pengzhen/code/pointcloud_dataset_set/dataset/SYSSIFOSS/SYSSIFOSS_v1.0_Aligned_version/BR01/Annotations/PicAbi_BR01_P16T3.txt--
--instances_path---/home/pengzhen/code/pointcloud_dataset_set/dataset/SYSSIFOSS/SYSSIFOSS_v1.0_Aligned_version/BR01/Annotations/PicAbi_BR01_P17T7.txt--
--instances_path---/home/pengzhen/code/pointcloud_dataset_set/dataset/SYSSIFOSS/SYSSIFOSS_v1.0_Aligned_version/BR01/Annotations/FagSyl_BR01_P18T12.txt--
--instances_path---/home/pengzhen/code/pointcloud_dataset_set/dataset/SYSSIFOSS/SYSSIFOSS_v1.0_Aligned_version/BR01/Annotations/FagSyl_BR01_P7T33.txt--
--instances_path---/home/pengzhen/code/pointcloud_dataset_set/dataset/SYSSIFOSS/SYSSIFOSS_v1.0_Aligned_version/BR01/Annotations/FagSyl_BR01_P15T06.txt--
--instances_path---/home/pengzhen/code/pointcloud_dataset_set/dataset/SYSSIFOSS/SYSSIFOSS_v1.0_Aligned_version/BR01/Annotations/FagSyl_BR01_P20T4.txt--
--instances_path---/home/pengzhen/code/pointcloud_dataset_set/dataset/SYSSIFOSS/SYSSIFOSS_v1.0_Aligned_version/BR01/Annotations/FagSyl_BR01_P25T12.txt--
--instances_path---/home/pengzhen/code/pointcloud_dataset_set/dataset/SYSSIFOSS/SYSSIFOSS_v1.0_Aligned_version/BR01/Annotations/PicAbi_BR01_P7T27.txt--
--instances_path---/home/pengzhen/code/pointcloud_dataset_set/dataset/SYSSIFOSS/SYSSIFOSS_v1.0_Aligned_version/BR01/Annotations/FagSyl_BR01_P17T9.txt--
--instances_path---/home/pengzhen/code/pointcloud_dataset_set/dataset/SYSSIFOSS/SYSSIFOSS_v1.0_Aligned_version/BR01/Annotations/FagSyl_BR01_P18T3.txt--
--instances_path---/home/pengzhen/code/pointcloud_dataset_set/dataset/SYSSIFOSS/SYSSIFOSS_v1.0_Aligned_version/BR01/Annotations/AcePse_BR01_P21T1.txt--
--instances_path---/home/pengzhen/code/pointcloud_dataset_set/dataset/SYSSIFOSS/SYSSIFOSS_v1.0_Aligned_version/BR01/Annotations/QuePet_BR01_P21T24.txt--
--instances_path---/home/pengzhen/code/pointcloud_dataset_set/dataset/SYSSIFOSS/SYSSIFOSS_v1.0_Aligned_version/BR01/Annotations/PicAbi_BR01_P11T70.txt--
--instances_path---/home/pengzhen/code/pointcloud_dataset_set/dataset/SYSSIFOSS/SYSSIFOSS_v1.0_Aligned_version/BR01/Annotations/FagSyl_BR01_P20T15.txt--
--instances_path---/home/pengzhen/code/pointcloud_dataset_set/dataset/SYSSIFOSS/SYSSIFOSS_v1.0_Aligned_version/BR01/Annotations/FagSyl_BR01_P17T5.txt--
--instances_path---/home/pengzhen/code/pointcloud_dataset_set/dataset/SYSSIFOSS/SYSSIFOSS_v1.0_Aligned_version/BR01/Annotations/PicAbi_BR01_P11T17.txt--
--instances_path---/home/pengzhen/code/pointcloud_dataset_set/dataset/SYSSIFOSS/SYSSIFOSS_v1.0_Aligned_version/BR01/Annotations/FagSyl_BR01_P14T01.txt--
--instances_path---/home/pengzhen/code/pointcloud_dataset_set/dataset/SYSSIFOSS/SYSSIFOSS_v1.0_Aligned_version/BR01/Annotations/CarBet_BR01_P19T7.txt--
--instances_path---/home/pengzhen/code/pointcloud_dataset_set/dataset/SYSSIFOSS/SYSSIFOSS_v1.0_Aligned_version/BR01/Annotations/FagSyl_BR01_P4T13.txt--
--instances_path---/home/pengzhen/code/pointcloud_dataset_set/dataset/SYSSIFOSS/SYSSIFOSS_v1.0_Aligned_version/BR01/Annotations/PicAbi_BR01_P21T34.txt--
--instances_path---/home/pengzhen/code/pointcloud_dataset_set/dataset/SYSSIFOSS/SYSSIFOSS_v1.0_Aligned_version/BR01/Annotations/FagSyl_BR01_P20T9.txt--
--instances_path---/home/pengzhen/code/pointcloud_dataset_set/dataset/SYSSIFOSS/SYSSIFOSS_v1.0_Aligned_version/BR01/Annotations/PicAbi_BR01_P6T20.txt--
--instances_path---/home/pengzhen/code/pointcloud_dataset_set/dataset/SYSSIFOSS/SYSSIFOSS_v1.0_Aligned_version/BR01/Annotations/FagSyl_BR01_P6T2.txt--
--instances_path---/home/pengzhen/code/pointcloud_dataset_set/dataset/SYSSIFOSS/SYSSIFOSS_v1.0_Aligned_version/BR01/Annotations/PicAbi_BR01_P16T11.txt--
--instances_path---/home/pengzhen/code/pointcloud_dataset_set/dataset/SYSSIFOSS/SYSSIFOSS_v1.0_Aligned_version/BR01/Annotations/PicAbi_BR01_P12T31.txt--
--instances_path---/home/pengzhen/code/pointcloud_dataset_set/dataset/SYSSIFOSS/SYSSIFOSS_v1.0_Aligned_version/BR01/Annotations/CarBet_BR01_P17T10.txt--
--instances_path---/home/pengzhen/code/pointcloud_dataset_set/dataset/SYSSIFOSS/SYSSIFOSS_v1.0_Aligned_version/BR01/Annotations/CarBet_BR01_P22T27.txt--
--instances_path---/home/pengzhen/code/pointcloud_dataset_set/dataset/SYSSIFOSS/SYSSIFOSS_v1.0_Aligned_version/BR01/Annotations/FraExc_BR01_P25T8.txt--
--instances_path---/home/pengzhen/code/pointcloud_dataset_set/dataset/SYSSIFOSS/SYSSIFOSS_v1.0_Aligned_version/BR01/Annotations/PicAbi_BR01_P16T5.txt--
--instances_path---/home/pengzhen/code/pointcloud_dataset_set/dataset/SYSSIFOSS/SYSSIFOSS_v1.0_Aligned_version/BR01/Annotations/FagSyl_BR01_P25T3.txt--
--instances_path---/home/pengzhen/code/pointcloud_dataset_set/dataset/SYSSIFOSS/SYSSIFOSS_v1.0_Aligned_version/BR01/Annotations/FagSyl_BR01_P22T2.txt--
--instances_path---/home/pengzhen/code/pointcloud_dataset_set/dataset/SYSSIFOSS/SYSSIFOSS_v1.0_Aligned_version/BR01/Annotations/FraExc_BR01_P19T13.txt--
--instances_path---/home/pengzhen/code/pointcloud_dataset_set/dataset/SYSSIFOSS/SYSSIFOSS_v1.0_Aligned_version/BR01/Annotations/PicAbi_BR01_P16T19.txt--
--instances_path---/home/pengzhen/code/pointcloud_dataset_set/dataset/SYSSIFOSS/SYSSIFOSS_v1.0_Aligned_version/BR01/Annotations/QuePet_BR01_P21T17.txt--
--instances_path---/home/pengzhen/code/pointcloud_dataset_set/dataset/SYSSIFOSS/SYSSIFOSS_v1.0_Aligned_version/BR01/Annotations/PicAbi_BR01_P17T11.txt--
--instances_path---/home/pengzhen/code/pointcloud_dataset_set/dataset/SYSSIFOSS/SYSSIFOSS_v1.0_Aligned_version/BR01/Annotations/FagSyl_BR01_P20T17.txt--
--instances_path---/home/pengzhen/code/pointcloud_dataset_set/dataset/SYSSIFOSS/SYSSIFOSS_v1.0_Aligned_version/BR01/Annotations/PruAvi_BR01_P14T09.txt--
--instances_path---/home/pengzhen/code/pointcloud_dataset_set/dataset/SYSSIFOSS/SYSSIFOSS_v1.0_Aligned_version/BR01/Annotations/QuePet_BR01_P11T37.txt--
--instances_path---/home/pengzhen/code/pointcloud_dataset_set/dataset/SYSSIFOSS/SYSSIFOSS_v1.0_Aligned_version/BR01/Annotations/PseMen_BR01_P22T1.txt--
--instances_path---/home/pengzhen/code/pointcloud_dataset_set/dataset/SYSSIFOSS/SYSSIFOSS_v1.0_Aligned_version/BR01/Annotations/PicAbi_BR01_P17T27.txt--
--instances_path---/home/pengzhen/code/pointcloud_dataset_set/dataset/SYSSIFOSS/SYSSIFOSS_v1.0_Aligned_version/BR01/Annotations/CarBet_BR01_P24T12.txt--
--instances_path---/home/pengzhen/code/pointcloud_dataset_set/dataset/SYSSIFOSS/SYSSIFOSS_v1.0_Aligned_version/BR01/Annotations/QuePet_BR01_P22T6.txt--
--instances_path---/home/pengzhen/code/pointcloud_dataset_set/dataset/SYSSIFOSS/SYSSIFOSS_v1.0_Aligned_version/BR01/Annotations/PicAbi_BR01_P11T35.txt--
--instances_path---/home/pengzhen/code/pointcloud_dataset_set/dataset/SYSSIFOSS/SYSSIFOSS_v1.0_Aligned_version/BR01/Annotations/PicAbi_BR01_P11T54.txt--
--instances_path---/home/pengzhen/code/pointcloud_dataset_set/dataset/SYSSIFOSS/SYSSIFOSS_v1.0_Aligned_version/BR01/Annotations/PicAbi_BR01_P7T18.txt--
--instances_path---/home/pengzhen/code/pointcloud_dataset_set/dataset/SYSSIFOSS/SYSSIFOSS_v1.0_Aligned_version/BR01/Annotations/QuePet_BR01_P17T29.txt--
--instances_path---/home/pengzhen/code/pointcloud_dataset_set/dataset/SYSSIFOSS/SYSSIFOSS_v1.0_Aligned_version/BR01/Annotations/QuePet_BR01_P11T1.txt--
--instances_path---/home/pengzhen/code/pointcloud_dataset_set/dataset/SYSSIFOSS/SYSSIFOSS_v1.0_Aligned_version/BR01/Annotations/FagSyl_BR01_P24T01.txt--
--instances_path---/home/pengzhen/code/pointcloud_dataset_set/dataset/SYSSIFOSS/SYSSIFOSS_v1.0_Aligned_version/BR01/Annotations/FagSyl_BR01_P6T1.txt--
--instances_path---/home/pengzhen/code/pointcloud_dataset_set/dataset/SYSSIFOSS/SYSSIFOSS_v1.0_Aligned_version/BR01/Annotations/FagSyl_BR01_P18T10.txt--
--instances_path---/home/pengzhen/code/pointcloud_dataset_set/dataset/SYSSIFOSS/SYSSIFOSS_v1.0_Aligned_version/BR01/Annotations/QuePet_BR01_P12T02.txt--
--instances_path---/home/pengzhen/code/pointcloud_dataset_set/dataset/SYSSIFOSS/SYSSIFOSS_v1.0_Aligned_version/BR01/Annotations/QuePet_BR01_05.txt--
--instances_path---/home/pengzhen/code/pointcloud_dataset_set/dataset/SYSSIFOSS/SYSSIFOSS_v1.0_Aligned_version/BR01/Annotations/FagSyl_BR01_P22T9.txt--
--instances_path---/home/pengzhen/code/pointcloud_dataset_set/dataset/SYSSIFOSS/SYSSIFOSS_v1.0_Aligned_version/BR01/Annotations/CarBet_BR01_P20T6.txt--
--instances_path---/home/pengzhen/code/pointcloud_dataset_set/dataset/SYSSIFOSS/SYSSIFOSS_v1.0_Aligned_version/BR01/Annotations/PicAbi_BR01_P11T49.txt--
--instances_path---/home/pengzhen/code/pointcloud_dataset_set/dataset/SYSSIFOSS/SYSSIFOSS_v1.0_Aligned_version/BR01/Annotations/QuePet_BR01_P21T19.txt--
--instances_path---/home/pengzhen/code/pointcloud_dataset_set/dataset/SYSSIFOSS/SYSSIFOSS_v1.0_Aligned_version/BR01/Annotations/QuePet_BR01_08.txt--
--instances_path---/home/pengzhen/code/pointcloud_dataset_set/dataset/SYSSIFOSS/SYSSIFOSS_v1.0_Aligned_version/BR01/Annotations/FagSyl_BR01_P8T11.txt--
--instances_path---/home/pengzhen/code/pointcloud_dataset_set/dataset/SYSSIFOSS/SYSSIFOSS_v1.0_Aligned_version/BR01/Annotations/CarBet_BR01_P23T02.txt--
--instances_path---/home/pengzhen/code/pointcloud_dataset_set/dataset/SYSSIFOSS/SYSSIFOSS_v1.0_Aligned_version/BR01/Annotations/FagSyl_BR01_P5T9.txt--
--instances_path---/home/pengzhen/code/pointcloud_dataset_set/dataset/SYSSIFOSS/SYSSIFOSS_v1.0_Aligned_version/BR01/Annotations/FagSyl_BR01_P20T18.txt--
--instances_path---/home/pengzhen/code/pointcloud_dataset_set/dataset/SYSSIFOSS/SYSSIFOSS_v1.0_Aligned_version/BR01/Annotations/FraExc_BR01_P20T11.txt--
--instances_path---/home/pengzhen/code/pointcloud_dataset_set/dataset/SYSSIFOSS/SYSSIFOSS_v1.0_Aligned_version/BR01/Annotations/PseMen_BR01_P9T1.txt--
--instances_path---/home/pengzhen/code/pointcloud_dataset_set/dataset/SYSSIFOSS/SYSSIFOSS_v1.0_Aligned_version/BR01/Annotations/PicAbi_BR01_P6T11.txt--
--instances_path---/home/pengzhen/code/pointcloud_dataset_set/dataset/SYSSIFOSS/SYSSIFOSS_v1.0_Aligned_version/BR01/Annotations/QuePet_BR01_P7T3.txt--
--instances_path---/home/pengzhen/code/pointcloud_dataset_set/dataset/SYSSIFOSS/SYSSIFOSS_v1.0_Aligned_version/BR01/Annotations/PicAbi_BR01_P6T18.txt--
--instances_path---/home/pengzhen/code/pointcloud_dataset_set/dataset/SYSSIFOSS/SYSSIFOSS_v1.0_Aligned_version/BR01/Annotations/PicAbi_BR01_P6T26.txt--
--instances_path---/home/pengzhen/code/pointcloud_dataset_set/dataset/SYSSIFOSS/SYSSIFOSS_v1.0_Aligned_version/BR01/Annotations/PicAbi_BR01_P12T29.txt--
--instances_path---/home/pengzhen/code/pointcloud_dataset_set/dataset/SYSSIFOSS/SYSSIFOSS_v1.0_Aligned_version/BR01/Annotations/FagSyl_BR01_P15T01.txt--
--instances_path---/home/pengzhen/code/pointcloud_dataset_set/dataset/SYSSIFOSS/SYSSIFOSS_v1.0_Aligned_version/BR01/Annotations/FagSyl_BR01_P5T19.txt--
--instances_path---/home/pengzhen/code/pointcloud_dataset_set/dataset/SYSSIFOSS/SYSSIFOSS_v1.0_Aligned_version/BR01/Annotations/PseMen_BR01_P9T4.txt--
--instances_path---/home/pengzhen/code/pointcloud_dataset_set/dataset/SYSSIFOSS/SYSSIFOSS_v1.0_Aligned_version/BR01/Annotations/PicAbi_BR01_P11T41.txt--
--instances_path---/home/pengzhen/code/pointcloud_dataset_set/dataset/SYSSIFOSS/SYSSIFOSS_v1.0_Aligned_version/BR01/Annotations/QuePet_BR01_P21T3.txt--
--instances_path---/home/pengzhen/code/pointcloud_dataset_set/dataset/SYSSIFOSS/SYSSIFOSS_v1.0_Aligned_version/BR01/Annotations/FagSyl_BR01_P7T15.txt--
--instances_path---/home/pengzhen/code/pointcloud_dataset_set/dataset/SYSSIFOSS/SYSSIFOSS_v1.0_Aligned_version/BR01/Annotations/FagSyl_BR01_P4T7.txt--
--instances_path---/home/pengzhen/code/pointcloud_dataset_set/dataset/SYSSIFOSS/SYSSIFOSS_v1.0_Aligned_version/BR01/Annotations/QuePet_BR01_P12T26.txt--
--instances_path---/home/pengzhen/code/pointcloud_dataset_set/dataset/SYSSIFOSS/SYSSIFOSS_v1.0_Aligned_version/BR01/Annotations/PicAbi_BR01_P11T48.txt--
--instances_path---/home/pengzhen/code/pointcloud_dataset_set/dataset/SYSSIFOSS/SYSSIFOSS_v1.0_Aligned_version/BR01/Annotations/FagSyl_BR01_P4T12.txt--
--instances_path---/home/pengzhen/code/pointcloud_dataset_set/dataset/SYSSIFOSS/SYSSIFOSS_v1.0_Aligned_version/BR01/Annotations/PicAbi_BR01_P11T58.txt--
--instances_path---/home/pengzhen/code/pointcloud_dataset_set/dataset/SYSSIFOSS/SYSSIFOSS_v1.0_Aligned_version/BR01/Annotations/QuePet_BR01_P12T32.txt--
--instances_path---/home/pengzhen/code/pointcloud_dataset_set/dataset/SYSSIFOSS/SYSSIFOSS_v1.0_Aligned_version/BR01/Annotations/PicAbi_BR01_P12T18.txt--
--instances_path---/home/pengzhen/code/pointcloud_dataset_set/dataset/SYSSIFOSS/SYSSIFOSS_v1.0_Aligned_version/BR01/Annotations/FagSyl_BR01_P5T23.txt--
--instances_path---/home/pengzhen/code/pointcloud_dataset_set/dataset/SYSSIFOSS/SYSSIFOSS_v1.0_Aligned_version/BR01/Annotations/FagSyl_BR01_P6T8.txt--
--instances_path---/home/pengzhen/code/pointcloud_dataset_set/dataset/SYSSIFOSS/SYSSIFOSS_v1.0_Aligned_version/BR01/Annotations/QuePet_BR01_P17T4.txt--
--instances_path---/home/pengzhen/code/pointcloud_dataset_set/dataset/SYSSIFOSS/SYSSIFOSS_v1.0_Aligned_version/BR01/Annotations/QueRub_BR01_P15T08.txt--
--instances_path---/home/pengzhen/code/pointcloud_dataset_set/dataset/SYSSIFOSS/SYSSIFOSS_v1.0_Aligned_version/BR01/Annotations/LarDec_BR01_P19T4.txt--
--instances_path---/home/pengzhen/code/pointcloud_dataset_set/dataset/SYSSIFOSS/SYSSIFOSS_v1.0_Aligned_version/BR01/Annotations/FagSyl_BR01_P20T5.txt--
--instances_path---/home/pengzhen/code/pointcloud_dataset_set/dataset/SYSSIFOSS/SYSSIFOSS_v1.0_Aligned_version/BR01/Annotations/PicAbi_BR01_P11T61.txt--
--instances_path---/home/pengzhen/code/pointcloud_dataset_set/dataset/SYSSIFOSS/SYSSIFOSS_v1.0_Aligned_version/BR01/Annotations/PicAbi_BR01_P17T14.txt--
--instances_path---/home/pengzhen/code/pointcloud_dataset_set/dataset/SYSSIFOSS/SYSSIFOSS_v1.0_Aligned_version/BR01/Annotations/QuePet_BR01_P21T2.txt--
--instances_path---/home/pengzhen/code/pointcloud_dataset_set/dataset/SYSSIFOSS/SYSSIFOSS_v1.0_Aligned_version/BR01/Annotations/PicAbi_BR01_P11T47.txt--
--instances_path---/home/pengzhen/code/pointcloud_dataset_set/dataset/SYSSIFOSS/SYSSIFOSS_v1.0_Aligned_version/BR01/Annotations/CarBet_BR01_P18T22.txt--
--instances_path---/home/pengzhen/code/pointcloud_dataset_set/dataset/SYSSIFOSS/SYSSIFOSS_v1.0_Aligned_version/BR01/Annotations/PseMen_BR01_P4T2.txt--
--instances_path---/home/pengzhen/code/pointcloud_dataset_set/dataset/SYSSIFOSS/SYSSIFOSS_v1.0_Aligned_version/BR01/Annotations/CarBet_BR01_P17T28.txt--
--instances_path---/home/pengzhen/code/pointcloud_dataset_set/dataset/SYSSIFOSS/SYSSIFOSS_v1.0_Aligned_version/BR01/Annotations/PruAvi_BR01_P22T15.txt--
--instances_path---/home/pengzhen/code/pointcloud_dataset_set/dataset/SYSSIFOSS/SYSSIFOSS_v1.0_Aligned_version/BR01/Annotations/FagSyl_BR01_P5T13.txt--
--instances_path---/home/pengzhen/code/pointcloud_dataset_set/dataset/SYSSIFOSS/SYSSIFOSS_v1.0_Aligned_version/BR01/Annotations/QuePet_BR01_P12T36.txt--
--instances_path---/home/pengzhen/code/pointcloud_dataset_set/dataset/SYSSIFOSS/SYSSIFOSS_v1.0_Aligned_version/BR01/Annotations/FagSyl_BR01_P7T2.txt--
--instances_path---/home/pengzhen/code/pointcloud_dataset_set/dataset/SYSSIFOSS/SYSSIFOSS_v1.0_Aligned_version/BR01/Annotations/FagSyl_BR01_P25T9.txt--
--instances_path---/home/pengzhen/code/pointcloud_dataset_set/dataset/SYSSIFOSS/SYSSIFOSS_v1.0_Aligned_version/BR01/Annotations/PicAbi_BR01_P11T12.txt--
--instances_path---/home/pengzhen/code/pointcloud_dataset_set/dataset/SYSSIFOSS/SYSSIFOSS_v1.0_Aligned_version/BR01/Annotations/PicAbi_BR01_P11T44.txt--
--instances_path---/home/pengzhen/code/pointcloud_dataset_set/dataset/SYSSIFOSS/SYSSIFOSS_v1.0_Aligned_version/BR01/Annotations/QuePet_BR01_P6T13.txt--
--instances_path---/home/pengzhen/code/pointcloud_dataset_set/dataset/SYSSIFOSS/SYSSIFOSS_v1.0_Aligned_version/BR01/Annotations/PicAbi_BR01_P12T30.txt--
--instances_path---/home/pengzhen/code/pointcloud_dataset_set/dataset/SYSSIFOSS/SYSSIFOSS_v1.0_Aligned_version/BR01/Annotations/FagSyl_BR01_P25T2.txt--
--instances_path---/home/pengzhen/code/pointcloud_dataset_set/dataset/SYSSIFOSS/SYSSIFOSS_v1.0_Aligned_version/BR01/Annotations/QuePet_BR01_P21T26.txt--
--instances_path---/home/pengzhen/code/pointcloud_dataset_set/dataset/SYSSIFOSS/SYSSIFOSS_v1.0_Aligned_version/BR01/Annotations/FagSyl_BR01_P14T03.txt--
--instances_path---/home/pengzhen/code/pointcloud_dataset_set/dataset/SYSSIFOSS/SYSSIFOSS_v1.0_Aligned_version/BR01/Annotations/PseMen_BR01_P8T4.txt--
--instances_path---/home/pengzhen/code/pointcloud_dataset_set/dataset/SYSSIFOSS/SYSSIFOSS_v1.0_Aligned_version/BR01/Annotations/FagSyl_BR01_P22T22.txt--
--instances_path---/home/pengzhen/code/pointcloud_dataset_set/dataset/SYSSIFOSS/SYSSIFOSS_v1.0_Aligned_version/BR01/Annotations/QuePet_BR01_P11T57.txt--
--instances_path---/home/pengzhen/code/pointcloud_dataset_set/dataset/SYSSIFOSS/SYSSIFOSS_v1.0_Aligned_version/BR01/Annotations/PicAbi_BR01_P16T17.txt--
--instances_path---/home/pengzhen/code/pointcloud_dataset_set/dataset/SYSSIFOSS/SYSSIFOSS_v1.0_Aligned_version/BR01/Annotations/PicAbi_BR01_P16T16.txt--
--instances_path---/home/pengzhen/code/pointcloud_dataset_set/dataset/SYSSIFOSS/SYSSIFOSS_v1.0_Aligned_version/BR01/Annotations/FraExc_BR01_P22T28.txt--
--instances_path---/home/pengzhen/code/pointcloud_dataset_set/dataset/SYSSIFOSS/SYSSIFOSS_v1.0_Aligned_version/BR01/Annotations/PicAbi_BR01_P12T13.txt--
--instances_path---/home/pengzhen/code/pointcloud_dataset_set/dataset/SYSSIFOSS/SYSSIFOSS_v1.0_Aligned_version/BR01/Annotations/FagSyl_BR01_P24T08.txt--
--instances_path---/home/pengzhen/code/pointcloud_dataset_set/dataset/SYSSIFOSS/SYSSIFOSS_v1.0_Aligned_version/BR01/Annotations/FraExc_BR01_P22T33.txt--
--instances_path---/home/pengzhen/code/pointcloud_dataset_set/dataset/SYSSIFOSS/SYSSIFOSS_v1.0_Aligned_version/BR01/Annotations/FagSyl_BR01_P14T06.txt--
--instances_path---/home/pengzhen/code/pointcloud_dataset_set/dataset/SYSSIFOSS/SYSSIFOSS_v1.0_Aligned_version/BR01/Annotations/AcePse_BR01_P7T11.txt--
--instances_path---/home/pengzhen/code/pointcloud_dataset_set/dataset/SYSSIFOSS/SYSSIFOSS_v1.0_Aligned_version/BR01/Annotations/CarBet_BR01_P21T46.txt--
--instances_path---/home/pengzhen/code/pointcloud_dataset_set/dataset/SYSSIFOSS/SYSSIFOSS_v1.0_Aligned_version/BR01/Annotations/PicAbi_BR01_P11T42.txt--
--instances_path---/home/pengzhen/code/pointcloud_dataset_set/dataset/SYSSIFOSS/SYSSIFOSS_v1.0_Aligned_version/BR01/Annotations/QuePet_BR01_P21T16.txt--
--instances_path---/home/pengzhen/code/pointcloud_dataset_set/dataset/SYSSIFOSS/SYSSIFOSS_v1.0_Aligned_version/BR01/Annotations/FraExc_BR01_P25T14.txt--
--instances_path---/home/pengzhen/code/pointcloud_dataset_set/dataset/SYSSIFOSS/SYSSIFOSS_v1.0_Aligned_version/BR01/Annotations/FagSyl_BR01_P14T05.txt--
--instances_path---/home/pengzhen/code/pointcloud_dataset_set/dataset/SYSSIFOSS/SYSSIFOSS_v1.0_Aligned_version/BR01/Annotations/QuePet_BR01_01.txt--
--instances_path---/home/pengzhen/code/pointcloud_dataset_set/dataset/SYSSIFOSS/SYSSIFOSS_v1.0_Aligned_version/BR01/Annotations/FagSyl_BR01_P23T08.txt--
--instances_path---/home/pengzhen/code/pointcloud_dataset_set/dataset/SYSSIFOSS/SYSSIFOSS_v1.0_Aligned_version/BR01/Annotations/QuePet_BR01_P12T07.txt--
--instances_path---/home/pengzhen/code/pointcloud_dataset_set/dataset/SYSSIFOSS/SYSSIFOSS_v1.0_Aligned_version/BR01/Annotations/FagSyl_BR01_P5T3.txt--
--instances_path---/home/pengzhen/code/pointcloud_dataset_set/dataset/SYSSIFOSS/SYSSIFOSS_v1.0_Aligned_version/BR01/Annotations/FagSyl_BR01_P24T04.txt--
--instances_path---/home/pengzhen/code/pointcloud_dataset_set/dataset/SYSSIFOSS/SYSSIFOSS_v1.0_Aligned_version/BR01/Annotations/FagSyl_BR01_01.txt--
--instances_path---/home/pengzhen/code/pointcloud_dataset_set/dataset/SYSSIFOSS/SYSSIFOSS_v1.0_Aligned_version/BR01/Annotations/FagSyl_BR01_P4T4.txt--
--instances_path---/home/pengzhen/code/pointcloud_dataset_set/dataset/SYSSIFOSS/SYSSIFOSS_v1.0_Aligned_version/BR01/Annotations/PicAbi_BR01_P12T22.txt--
--instances_path---/home/pengzhen/code/pointcloud_dataset_set/dataset/SYSSIFOSS/SYSSIFOSS_v1.0_Aligned_version/BR01/Annotations/FagSyl_BR01_P19T6.txt--
--instances_path---/home/pengzhen/code/pointcloud_dataset_set/dataset/SYSSIFOSS/SYSSIFOSS_v1.0_Aligned_version/BR01/Annotations/QuePet_BR01_P21T22.txt--
--instances_path---/home/pengzhen/code/pointcloud_dataset_set/dataset/SYSSIFOSS/SYSSIFOSS_v1.0_Aligned_version/BR01/Annotations/FagSyl_BR01_P23T06.txt--
--instances_path---/home/pengzhen/code/pointcloud_dataset_set/dataset/SYSSIFOSS/SYSSIFOSS_v1.0_Aligned_version/BR01/Annotations/PicAbi_BR01_P11T75.txt--
--instances_path---/home/pengzhen/code/pointcloud_dataset_set/dataset/SYSSIFOSS/SYSSIFOSS_v1.0_Aligned_version/BR01/Annotations/QuePet_BR01_P21T30.txt--
--instances_path---/home/pengzhen/code/pointcloud_dataset_set/dataset/SYSSIFOSS/SYSSIFOSS_v1.0_Aligned_version/BR01/Annotations/PicAbi_BR01_P7T19.txt--
--instances_path---/home/pengzhen/code/pointcloud_dataset_set/dataset/SYSSIFOSS/SYSSIFOSS_v1.0_Aligned_version/BR01/Annotations/FagSyl_BR01_P23T07.txt--
--instances_path---/home/pengzhen/code/pointcloud_dataset_set/dataset/SYSSIFOSS/SYSSIFOSS_v1.0_Aligned_version/BR01/Annotations/QuePet_BR01_P12T16.txt--
--instances_path---/home/pengzhen/code/pointcloud_dataset_set/dataset/SYSSIFOSS/SYSSIFOSS_v1.0_Aligned_version/BR01/Annotations/PicAbi_BR01_P6T21.txt--
--instances_path---/home/pengzhen/code/pointcloud_dataset_set/dataset/SYSSIFOSS/SYSSIFOSS_v1.0_Aligned_version/BR01/Annotations/PicAbi_BR01_P11T74.txt--
--instances_path---/home/pengzhen/code/pointcloud_dataset_set/dataset/SYSSIFOSS/SYSSIFOSS_v1.0_Aligned_version/BR01/Annotations/QuePet_BR01_P11T4.txt--
--instances_path---/home/pengzhen/code/pointcloud_dataset_set/dataset/SYSSIFOSS/SYSSIFOSS_v1.0_Aligned_version/BR01/Annotations/PicAbi_BR01_P11T9.txt--
--instances_path---/home/pengzhen/code/pointcloud_dataset_set/dataset/SYSSIFOSS/SYSSIFOSS_v1.0_Aligned_version/BR01/Annotations/FagSyl_BR01_P25T10.txt--
--instances_path---/home/pengzhen/code/pointcloud_dataset_set/dataset/SYSSIFOSS/SYSSIFOSS_v1.0_Aligned_version/BR01/Annotations/FagSyl_BR01_03.txt--
--instances_path---/home/pengzhen/code/pointcloud_dataset_set/dataset/SYSSIFOSS/SYSSIFOSS_v1.0_Aligned_version/BR01/Annotations/FagSyl_BR01_P19T10.txt--
--instances_path---/home/pengzhen/code/pointcloud_dataset_set/dataset/SYSSIFOSS/SYSSIFOSS_v1.0_Aligned_version/BR01/Annotations/QuePet_BR01_P7T28.txt--
--instances_path---/home/pengzhen/code/pointcloud_dataset_set/dataset/SYSSIFOSS/SYSSIFOSS_v1.0_Aligned_version/BR01/Annotations/PruAvi_BR01_P17T37.txt--
--instances_path---/home/pengzhen/code/pointcloud_dataset_set/dataset/SYSSIFOSS/SYSSIFOSS_v1.0_Aligned_version/BR01/Annotations/PseMen_BR01_P8T2.txt--
--instances_path---/home/pengzhen/code/pointcloud_dataset_set/dataset/SYSSIFOSS/SYSSIFOSS_v1.0_Aligned_version/BR01/Annotations/FagSyl_BR01_P13T01.txt--
--instances_path---/home/pengzhen/code/pointcloud_dataset_set/dataset/SYSSIFOSS/SYSSIFOSS_v1.0_Aligned_version/BR01/Annotations/PicAbi_BR01_P11T32.txt--
--instances_path---/home/pengzhen/code/pointcloud_dataset_set/dataset/SYSSIFOSS/SYSSIFOSS_v1.0_Aligned_version/BR01/Annotations/FraExc_BR01_P22T32.txt--
--instances_path---/home/pengzhen/code/pointcloud_dataset_set/dataset/SYSSIFOSS/SYSSIFOSS_v1.0_Aligned_version/BR01/Annotations/FagSyl_BR01_P22T36.txt--
--instances_path---/home/pengzhen/code/pointcloud_dataset_set/dataset/SYSSIFOSS/SYSSIFOSS_v1.0_Aligned_version/BR01/Annotations/QuePet_BR01_P12T17.txt--
--instances_path---/home/pengzhen/code/pointcloud_dataset_set/dataset/SYSSIFOSS/SYSSIFOSS_v1.0_Aligned_version/BR01/Annotations/AceCam_BR01_P19T9.txt--
--instances_path---/home/pengzhen/code/pointcloud_dataset_set/dataset/SYSSIFOSS/SYSSIFOSS_v1.0_Aligned_version/BR01/Annotations/FagSyl_BR01_P16T2.txt--
