-----处理项目: S3DIS数据预处理-----
----2024-07-17 17:54:26 - 处理目录: Area_1.WC_1-----
----2024-07-17 17:54:26 - 处理目录: Area_1.WC_1-aleady----
----2024-07-17 17:54:26 - 处理目录: Area_1.conferenceRoom_1-----
----2024-07-17 17:54:26 - 处理目录: Area_1.conferenceRoom_1-aleady----
----2024-07-17 17:54:26 - 处理目录: Area_1.conferenceRoom_2-----
----2024-07-17 17:54:26 - 处理目录: Area_1.conferenceRoom_2-aleady----
----2024-07-17 17:54:26 - 处理目录: Area_1.copyRoom_1-----
----2024-07-17 17:54:26 - 处理目录: Area_1.copyRoom_1-aleady----
----2024-07-17 17:54:26 - 处理目录: Area_1.hallway_1-----
----2024-07-17 17:54:26 - 处理目录: Area_1.hallway_1-aleady----
----2024-07-17 17:54:26 - 处理目录: Area_1.hallway_2-----
----2024-07-17 17:54:26 - 处理目录: Area_1.hallway_2-aleady----
----2024-07-17 17:54:26 - 处理目录: Area_1.hallway_3-----
----2024-07-17 17:54:26 - 处理目录: Area_1.hallway_3-aleady----
----2024-07-17 17:54:26 - 处理目录: Area_1.hallway_4-----
----2024-07-17 17:54:26 - 处理目录: Area_1.hallway_4-aleady----
----2024-07-17 17:54:26 - 处理目录: Area_1.hallway_5-----
----2024-07-17 17:54:26 - 处理目录: Area_1.hallway_5-aleady----
----2024-07-17 17:54:26 - 处理目录: Area_1.hallway_6-----
----2024-07-17 17:54:26 - 处理目录: Area_1.hallway_6-aleady----
----2024-07-17 17:54:26 - 处理目录: Area_1.hallway_7-----
----2024-07-17 17:54:26 - 处理目录: Area_1.hallway_7-aleady----
----2024-07-17 17:54:26 - 处理目录: Area_1.hallway_8-----
----2024-07-17 17:54:26 - 处理目录: Area_1.hallway_8-aleady----
----2024-07-17 17:54:26 - 处理目录: Area_1.office_1-----
----2024-07-17 17:54:26 - 处理目录: Area_1.office_1-aleady----
----2024-07-17 17:54:26 - 处理目录: Area_1.office_2-----
----2024-07-17 17:54:26 - 处理目录: Area_1.office_2-aleady----
----2024-07-17 17:54:26 - 处理目录: Area_1.office_3-----
----2024-07-17 17:54:26 - 处理目录: Area_1.office_3-aleady----
----2024-07-17 17:54:26 - 处理目录: Area_1.office_4-----
----2024-07-17 17:54:26 - 处理目录: Area_1.office_4-aleady----
----2024-07-17 17:54:26 - 处理目录: Area_1.office_5-----
----2024-07-17 17:54:26 - 处理目录: Area_1.office_5-aleady----
----2024-07-17 17:54:26 - 处理目录: Area_1.office_6-----
----2024-07-17 17:54:26 - 处理目录: Area_1.office_6-aleady----
----2024-07-17 17:54:26 - 处理目录: Area_1.office_7-----
----2024-07-17 17:54:26 - 处理目录: Area_1.office_7-aleady----
----2024-07-17 17:54:26 - 处理目录: Area_1.office_8-----
----2024-07-17 17:54:26 - 处理目录: Area_1.office_8-aleady----
----2024-07-17 17:54:26 - 处理目录: Area_1.office_9-----
----2024-07-17 17:54:26 - 处理目录: Area_1.office_9-aleady----
----2024-07-17 17:54:26 - 处理目录: Area_1.office_10-----
----2024-07-17 17:54:26 - 处理目录: Area_1.office_10-aleady----
----2024-07-17 17:54:26 - 处理目录: Area_1.office_11-----
----2024-07-17 17:54:26 - 处理目录: Area_1.office_11-aleady----
----2024-07-17 17:54:26 - 处理目录: Area_1.office_12-----
----2024-07-17 17:54:26 - 处理目录: Area_1.office_12-aleady----
----2024-07-17 17:54:26 - 处理目录: Area_1.office_13-----
----2024-07-17 17:54:26 - 处理目录: Area_1.office_13-aleady----
----2024-07-17 17:54:26 - 处理目录: Area_1.office_14-----
----2024-07-17 17:54:26 - 处理目录: Area_1.office_14-aleady----
----2024-07-17 17:54:26 - 处理目录: Area_1.office_15-----
----2024-07-17 17:54:26 - 处理目录: Area_1.office_15-aleady----
----2024-07-17 17:54:26 - 处理目录: Area_1.office_16-----
----2024-07-17 17:54:26 - 处理目录: Area_1.office_16-aleady----
----2024-07-17 17:54:26 - 处理目录: Area_1.office_17-----
----2024-07-17 17:54:26 - 处理目录: Area_1.office_17-aleady----
----2024-07-17 17:54:26 - 处理目录: Area_1.office_18-----
----2024-07-17 17:54:26 - 处理目录: Area_1.office_18-aleady----
----2024-07-17 17:54:26 - 处理目录: Area_1.office_19-----
----2024-07-17 17:54:26 - 处理目录: Area_1.office_19-aleady----
----2024-07-17 17:54:26 - 处理目录: Area_1.office_20-----
----2024-07-17 17:54:26 - 处理目录: Area_1.office_20-aleady----
----2024-07-17 17:54:26 - 处理目录: Area_1.office_21-----
----2024-07-17 17:54:26 - 处理目录: Area_1.office_21-aleady----
----2024-07-17 17:54:26 - 处理目录: Area_1.office_22-----
----2024-07-17 17:54:26 - 处理目录: Area_1.office_22-aleady----
----2024-07-17 17:54:26 - 处理目录: Area_1.office_23-----
----2024-07-17 17:54:26 - 处理目录: Area_1.office_23-aleady----
----2024-07-17 17:54:26 - 处理目录: Area_1.office_24-----
----2024-07-17 17:54:26 - 处理目录: Area_1.office_24-aleady----
----2024-07-17 17:54:26 - 处理目录: Area_1.office_25-----
----2024-07-17 17:54:26 - 处理目录: Area_1.office_25-aleady----
----2024-07-17 17:54:26 - 处理目录: Area_1.office_26-----
----2024-07-17 17:54:26 - 处理目录: Area_1.office_26-aleady----
----2024-07-17 17:54:26 - 处理目录: Area_1.office_27-----
----2024-07-17 17:54:26 - 处理目录: Area_1.office_27-aleady----
----2024-07-17 17:54:26 - 处理目录: Area_1.office_28-----
----2024-07-17 17:54:26 - 处理目录: Area_1.office_28-aleady----
----2024-07-17 17:54:26 - 处理目录: Area_1.office_29-----
----2024-07-17 17:54:26 - 处理目录: Area_1.office_29-aleady----
----2024-07-17 17:54:26 - 处理目录: Area_1.office_30-----
----2024-07-17 17:54:26 - 处理目录: Area_1.office_30-aleady----
----2024-07-17 17:54:26 - 处理目录: Area_1.office_31-----
----2024-07-17 17:54:26 - 处理目录: Area_1.office_31-aleady----
----2024-07-17 17:54:26 - 处理目录: Area_1.pantry_1-----
----2024-07-17 17:54:26 - 处理目录: Area_1.pantry_1-aleady----
----2024-07-17 17:54:26 - 处理目录: Area_2.WC_1-----
----2024-07-17 17:54:26 - 处理目录: Area_2.WC_1-aleady----
----2024-07-17 17:54:26 - 处理目录: Area_2.WC_2-----
----2024-07-17 17:54:26 - 处理目录: Area_2.WC_2-aleady----
----2024-07-17 17:54:26 - 处理目录: Area_2.auditorium_1-----
----2024-07-17 17:54:26 - 处理目录: Area_2.auditorium_1-aleady----
----2024-07-17 17:54:26 - 处理目录: Area_2.auditorium_2-----
----2024-07-17 17:54:26 - 处理目录: Area_2.auditorium_2-aleady----
----2024-07-17 17:54:26 - 处理目录: Area_2.conferenceRoom_1-----
----2024-07-17 17:54:26 - 处理目录: Area_2.conferenceRoom_1-aleady----
----2024-07-17 17:54:26 - 处理目录: Area_2.hallway_1-----
----2024-07-17 17:54:26 - 处理目录: Area_2.hallway_1-aleady----
----2024-07-17 17:54:26 - 处理目录: Area_2.hallway_2-----
----2024-07-17 17:54:26 - 处理目录: Area_2.hallway_2-aleady----
----2024-07-17 17:54:26 - 处理目录: Area_2.hallway_3-----
----2024-07-17 17:54:26 - 处理目录: Area_2.hallway_3-aleady----
----2024-07-17 17:54:26 - 处理目录: Area_2.hallway_4-----
----2024-07-17 17:54:26 - 处理目录: Area_2.hallway_4-aleady----
----2024-07-17 17:54:26 - 处理目录: Area_2.hallway_5-----
----2024-07-17 17:54:26 - 处理目录: Area_2.hallway_5-aleady----
----2024-07-17 17:54:26 - 处理目录: Area_2.hallway_6-----
----2024-07-17 17:54:26 - 处理目录: Area_2.hallway_6-aleady----
----2024-07-17 17:54:26 - 处理目录: Area_2.hallway_7-----
----2024-07-17 17:54:26 - 处理目录: Area_2.hallway_7-aleady----
----2024-07-17 17:54:26 - 处理目录: Area_2.hallway_8-----
----2024-07-17 17:54:26 - 处理目录: Area_2.hallway_8-aleady----
----2024-07-17 17:54:26 - 处理目录: Area_2.hallway_9-----
----2024-07-17 17:54:26 - 处理目录: Area_2.hallway_9-aleady----
----2024-07-17 17:54:26 - 处理目录: Area_2.hallway_10-----
----2024-07-17 17:54:26 - 处理目录: Area_2.hallway_10-aleady----
----2024-07-17 17:54:26 - 处理目录: Area_2.hallway_11-----
----2024-07-17 17:54:26 - 处理目录: Area_2.hallway_11-aleady----
----2024-07-17 17:54:26 - 处理目录: Area_2.hallway_12-----
----2024-07-17 17:54:26 - 处理目录: Area_2.hallway_12-aleady----
----2024-07-17 17:54:26 - 处理目录: Area_2.office_1-----
----2024-07-17 17:54:26 - 处理目录: Area_2.office_1-aleady----
----2024-07-17 17:54:26 - 处理目录: Area_2.office_2-----
----2024-07-17 17:54:26 - 处理目录: Area_2.office_2-aleady----
----2024-07-17 17:54:26 - 处理目录: Area_2.office_3-----
----2024-07-17 17:54:26 - 处理目录: Area_2.office_3-aleady----
----2024-07-17 17:54:26 - 处理目录: Area_2.office_4-----
----2024-07-17 17:54:26 - 处理目录: Area_2.office_4-aleady----
----2024-07-17 17:54:26 - 处理目录: Area_2.office_5-----
----2024-07-17 17:54:26 - 处理目录: Area_2.office_5-aleady----
----2024-07-17 17:54:26 - 处理目录: Area_2.office_6-----
----2024-07-17 17:54:26 - 处理目录: Area_2.office_6-aleady----
----2024-07-17 17:54:26 - 处理目录: Area_2.office_7-----
----2024-07-17 17:54:26 - 处理目录: Area_2.office_7-aleady----
----2024-07-17 17:54:26 - 处理目录: Area_2.office_8-----
----2024-07-17 17:54:26 - 处理目录: Area_2.office_8-aleady----
----2024-07-17 17:54:26 - 处理目录: Area_2.office_9-----
----2024-07-17 17:54:26 - 处理目录: Area_2.office_9-aleady----
----2024-07-17 17:54:26 - 处理目录: Area_2.office_10-----
----2024-07-17 17:54:26 - 处理目录: Area_2.office_10-aleady----
----2024-07-17 17:54:26 - 处理目录: Area_2.office_11-----
----2024-07-17 17:54:26 - 处理目录: Area_2.office_11-aleady----
----2024-07-17 17:54:26 - 处理目录: Area_2.office_12-----
----2024-07-17 17:54:26 - 处理目录: Area_2.office_12-aleady----
----2024-07-17 17:54:26 - 处理目录: Area_2.office_13-----
----2024-07-17 17:54:26 - 处理目录: Area_2.office_13-aleady----
----2024-07-17 17:54:26 - 处理目录: Area_2.office_14-----
----2024-07-17 17:54:26 - 处理目录: Area_2.office_14-aleady----
----2024-07-17 17:54:26 - 处理目录: Area_2.storage_1-----
----2024-07-17 17:54:26 - 处理目录: Area_2.storage_1-aleady----
----2024-07-17 17:54:26 - 处理目录: Area_2.storage_2-----
----2024-07-17 17:54:26 - 处理目录: Area_2.storage_2-aleady----
----2024-07-17 17:54:26 - 处理目录: Area_2.storage_3-----
----2024-07-17 17:54:26 - 处理目录: Area_2.storage_3-aleady----
----2024-07-17 17:54:26 - 处理目录: Area_2.storage_4-----
----2024-07-17 17:54:26 - 处理目录: Area_2.storage_4-aleady----
----2024-07-17 17:54:26 - 处理目录: Area_2.storage_5-----
----2024-07-17 17:54:26 - 处理目录: Area_2.storage_5-aleady----
----2024-07-17 17:54:26 - 处理目录: Area_2.storage_6-----
----2024-07-17 17:54:26 - 处理目录: Area_2.storage_6-aleady----
----2024-07-17 17:54:26 - 处理目录: Area_2.storage_7-----
----2024-07-17 17:54:26 - 处理目录: Area_2.storage_7-aleady----
----2024-07-17 17:54:26 - 处理目录: Area_2.storage_8-----
----2024-07-17 17:54:26 - 处理目录: Area_2.storage_8-aleady----
----2024-07-17 17:54:26 - 处理目录: Area_2.storage_9-----
----2024-07-17 17:54:26 - 处理目录: Area_2.storage_9-aleady----
----2024-07-17 17:54:26 - 处理目录: Area_3.WC_1-----
----2024-07-17 17:54:26 - 处理目录: Area_3.WC_1-aleady----
----2024-07-17 17:54:26 - 处理目录: Area_3.WC_2-----
----2024-07-17 17:54:26 - 处理目录: Area_3.WC_2-aleady----
----2024-07-17 17:54:26 - 处理目录: Area_3.conferenceRoom_1-----
----2024-07-17 17:54:26 - 处理目录: Area_3.conferenceRoom_1-aleady----
----2024-07-17 17:54:26 - 处理目录: Area_3.hallway_1-----
----2024-07-17 17:54:26 - 处理目录: Area_3.hallway_1-aleady----
----2024-07-17 17:54:26 - 处理目录: Area_3.hallway_2-----
----2024-07-17 17:54:26 - 处理目录: Area_3.hallway_2-aleady----
----2024-07-17 17:54:26 - 处理目录: Area_3.hallway_3-----
----2024-07-17 17:54:26 - 处理目录: Area_3.hallway_3-aleady----
----2024-07-17 17:54:26 - 处理目录: Area_3.hallway_4-----
----2024-07-17 17:54:26 - 处理目录: Area_3.hallway_4-aleady----
----2024-07-17 17:54:26 - 处理目录: Area_3.hallway_5-----
----2024-07-17 17:54:26 - 处理目录: Area_3.hallway_5-aleady----
----2024-07-17 17:54:26 - 处理目录: Area_3.hallway_6-----
----2024-07-17 17:54:26 - 处理目录: Area_3.hallway_6-aleady----
----2024-07-17 17:54:26 - 处理目录: Area_3.lounge_1-----
----2024-07-17 17:54:26 - 处理目录: Area_3.lounge_1-aleady----
----2024-07-17 17:54:26 - 处理目录: Area_3.lounge_2-----
----2024-07-17 17:54:26 - 处理目录: Area_3.lounge_2-aleady----
----2024-07-17 17:54:26 - 处理目录: Area_3.office_1-----
----2024-07-17 17:54:26 - 处理目录: Area_3.office_1-aleady----
----2024-07-17 17:54:26 - 处理目录: Area_3.office_2-----
----2024-07-17 17:54:26 - 处理目录: Area_3.office_2-aleady----
----2024-07-17 17:54:26 - 处理目录: Area_3.office_3-----
----2024-07-17 17:54:26 - 处理目录: Area_3.office_3-aleady----
----2024-07-17 17:54:26 - 处理目录: Area_3.office_4-----
----2024-07-17 17:54:26 - 处理目录: Area_3.office_4-aleady----
----2024-07-17 17:54:26 - 处理目录: Area_3.office_5-----
----2024-07-17 17:54:26 - 处理目录: Area_3.office_5-aleady----
----2024-07-17 17:54:26 - 处理目录: Area_3.office_6-----
----2024-07-17 17:54:26 - 处理目录: Area_3.office_6-aleady----
----2024-07-17 17:54:26 - 处理目录: Area_3.office_7-----
----2024-07-17 17:54:26 - 处理目录: Area_3.office_7-aleady----
----2024-07-17 17:54:26 - 处理目录: Area_3.office_8-----
----2024-07-17 17:54:26 - 处理目录: Area_3.office_8-aleady----
----2024-07-17 17:54:26 - 处理目录: Area_3.office_9-----
----2024-07-17 17:54:26 - 处理目录: Area_3.office_9-aleady----
----2024-07-17 17:54:26 - 处理目录: Area_3.office_10-----
----2024-07-17 17:54:26 - 处理目录: Area_3.office_10-aleady----
----2024-07-17 17:54:26 - 处理目录: Area_3.storage_1-----
----2024-07-17 17:54:26 - 处理目录: Area_3.storage_1-aleady----
----2024-07-17 17:54:26 - 处理目录: Area_3.storage_2-----
----2024-07-17 17:54:26 - 处理目录: Area_3.storage_2-aleady----
----2024-07-17 17:54:26 - 处理目录: Area_4.WC_1-----
----2024-07-17 17:54:26 - 处理目录: Area_4.WC_1-aleady----
----2024-07-17 17:54:26 - 处理目录: Area_4.WC_2-----
----2024-07-17 17:54:26 - 处理目录: Area_4.WC_2-aleady----
----2024-07-17 17:54:26 - 处理目录: Area_4.WC_3-----
----2024-07-17 17:54:26 - 处理目录: Area_4.WC_3-aleady----
----2024-07-17 17:54:26 - 处理目录: Area_4.WC_4-----
----2024-07-17 17:54:26 - 处理目录: Area_4.WC_4-aleady----
----2024-07-17 17:54:26 - 处理目录: Area_4.conferenceRoom_1-----
----2024-07-17 17:54:26 - 处理目录: Area_4.conferenceRoom_1-aleady----
----2024-07-17 17:54:26 - 处理目录: Area_4.conferenceRoom_2-----
----2024-07-17 17:54:26 - 处理目录: Area_4.conferenceRoom_2-aleady----
----2024-07-17 17:54:26 - 处理目录: Area_4.conferenceRoom_3-----
----2024-07-17 17:54:26 - 处理目录: Area_4.conferenceRoom_3-aleady----
----2024-07-17 17:54:26 - 处理目录: Area_4.hallway_1-----
----2024-07-17 17:54:26 - 处理目录: Area_4.hallway_1-aleady----
----2024-07-17 17:54:26 - 处理目录: Area_4.hallway_2-----
----2024-07-17 17:54:26 - 处理目录: Area_4.hallway_2-aleady----
----2024-07-17 17:54:26 - 处理目录: Area_4.hallway_3-----
----2024-07-17 17:54:26 - 处理目录: Area_4.hallway_3-aleady----
----2024-07-17 17:54:26 - 处理目录: Area_4.hallway_4-----
----2024-07-17 17:54:26 - 处理目录: Area_4.hallway_4-aleady----
----2024-07-17 17:54:26 - 处理目录: Area_4.hallway_5-----
----2024-07-17 17:54:26 - 处理目录: Area_4.hallway_5-aleady----
----2024-07-17 17:54:26 - 处理目录: Area_4.hallway_6-----
----2024-07-17 17:54:26 - 处理目录: Area_4.hallway_6-aleady----
----2024-07-17 17:54:26 - 处理目录: Area_4.hallway_7-----
----2024-07-17 17:54:26 - 处理目录: Area_4.hallway_7-aleady----
----2024-07-17 17:54:26 - 处理目录: Area_4.hallway_8-----
----2024-07-17 17:54:26 - 处理目录: Area_4.hallway_8-aleady----
----2024-07-17 17:54:26 - 处理目录: Area_4.hallway_9-----
----2024-07-17 17:54:26 - 处理目录: Area_4.hallway_9-aleady----
----2024-07-17 17:54:26 - 处理目录: Area_4.hallway_10-----
----2024-07-17 17:54:26 - 处理目录: Area_4.hallway_10-aleady----
----2024-07-17 17:54:26 - 处理目录: Area_4.hallway_11-----
----2024-07-17 17:54:26 - 处理目录: Area_4.hallway_11-aleady----
----2024-07-17 17:54:26 - 处理目录: Area_4.hallway_12-----
----2024-07-17 17:54:26 - 处理目录: Area_4.hallway_12-aleady----
----2024-07-17 17:54:26 - 处理目录: Area_4.hallway_13-----
----2024-07-17 17:54:26 - 处理目录: Area_4.hallway_13-aleady----
----2024-07-17 17:54:26 - 处理目录: Area_4.hallway_14-----
----2024-07-17 17:54:26 - 处理目录: Area_4.hallway_14-aleady----
----2024-07-17 17:54:26 - 处理目录: Area_4.lobby_1-----
----2024-07-17 17:54:26 - 处理目录: Area_4.lobby_1-aleady----
----2024-07-17 17:54:26 - 处理目录: Area_4.lobby_2-----
----2024-07-17 17:54:26 - 处理目录: Area_4.lobby_2-aleady----
----2024-07-17 17:54:26 - 处理目录: Area_4.office_1-----
----2024-07-17 17:54:26 - 处理目录: Area_4.office_1-aleady----
----2024-07-17 17:54:26 - 处理目录: Area_4.office_2-----
----2024-07-17 17:54:26 - 处理目录: Area_4.office_2-aleady----
----2024-07-17 17:54:26 - 处理目录: Area_4.office_3-----
----2024-07-17 17:54:26 - 处理目录: Area_4.office_3-aleady----
----2024-07-17 17:54:26 - 处理目录: Area_4.office_4-----
----2024-07-17 17:54:26 - 处理目录: Area_4.office_4-aleady----
----2024-07-17 17:54:26 - 处理目录: Area_4.office_5-----
----2024-07-17 17:54:26 - 处理目录: Area_4.office_5-aleady----
----2024-07-17 17:54:26 - 处理目录: Area_4.office_6-----
----2024-07-17 17:54:26 - 处理目录: Area_4.office_6-aleady----
----2024-07-17 17:54:26 - 处理目录: Area_4.office_7-----
----2024-07-17 17:54:26 - 处理目录: Area_4.office_7-aleady----
----2024-07-17 17:54:26 - 处理目录: Area_4.office_8-----
----2024-07-17 17:54:26 - 处理目录: Area_4.office_8-aleady----
----2024-07-17 17:54:26 - 处理目录: Area_4.office_9-----
----2024-07-17 17:54:26 - 处理目录: Area_4.office_9-aleady----
----2024-07-17 17:54:26 - 处理目录: Area_4.office_10-----
----2024-07-17 17:54:26 - 处理目录: Area_4.office_10-aleady----
----2024-07-17 17:54:26 - 处理目录: Area_4.office_11-----
----2024-07-17 17:54:26 - 处理目录: Area_4.office_11-aleady----
----2024-07-17 17:54:26 - 处理目录: Area_4.office_12-----
----2024-07-17 17:54:26 - 处理目录: Area_4.office_12-aleady----
----2024-07-17 17:54:26 - 处理目录: Area_4.office_13-----
----2024-07-17 17:54:26 - 处理目录: Area_4.office_13-aleady----
----2024-07-17 17:54:26 - 处理目录: Area_4.office_14-----
----2024-07-17 17:54:26 - 处理目录: Area_4.office_14-aleady----
----2024-07-17 17:54:26 - 处理目录: Area_4.office_15-----
----2024-07-17 17:54:26 - 处理目录: Area_4.office_15-aleady----
----2024-07-17 17:54:26 - 处理目录: Area_4.office_16-----
----2024-07-17 17:54:26 - 处理目录: Area_4.office_16-aleady----
----2024-07-17 17:54:26 - 处理目录: Area_4.office_17-----
----2024-07-17 17:54:26 - 处理目录: Area_4.office_17-aleady----
----2024-07-17 17:54:26 - 处理目录: Area_4.office_18-----
----2024-07-17 17:54:26 - 处理目录: Area_4.office_18-aleady----
----2024-07-17 17:54:26 - 处理目录: Area_4.office_19-----
----2024-07-17 17:54:26 - 处理目录: Area_4.office_19-aleady----
----2024-07-17 17:54:26 - 处理目录: Area_4.office_20-----
----2024-07-17 17:54:26 - 处理目录: Area_4.office_20-aleady----
----2024-07-17 17:54:26 - 处理目录: Area_4.office_21-----
----2024-07-17 17:54:26 - 处理目录: Area_4.office_21-aleady----
----2024-07-17 17:54:26 - 处理目录: Area_4.office_22-----
----2024-07-17 17:54:26 - 处理目录: Area_4.office_22-aleady----
----2024-07-17 17:54:26 - 处理目录: Area_4.storage_1-----
----2024-07-17 17:54:26 - 处理目录: Area_4.storage_1-aleady----
----2024-07-17 17:54:26 - 处理目录: Area_4.storage_2-----
----2024-07-17 17:54:26 - 处理目录: Area_4.storage_2-aleady----
----2024-07-17 17:54:26 - 处理目录: Area_4.storage_3-----
----2024-07-17 17:54:26 - 处理目录: Area_4.storage_3-aleady----
----2024-07-17 17:54:26 - 处理目录: Area_4.storage_4-----
----2024-07-17 17:54:26 - 处理目录: Area_4.storage_4-aleady----
----2024-07-17 17:54:26 - 处理目录: Area_5.WC_1-----
----2024-07-17 17:54:26 - 处理目录: Area_5.WC_1-aleady----
----2024-07-17 17:54:26 - 处理目录: Area_5.WC_2-----
----2024-07-17 17:54:26 - 处理目录: Area_5.WC_2-aleady----
----2024-07-17 17:54:26 - 处理目录: Area_5.conferenceRoom_1-----
----2024-07-17 17:54:26 - 处理目录: Area_5.conferenceRoom_1-aleady----
----2024-07-17 17:54:26 - 处理目录: Area_5.conferenceRoom_2-----
----2024-07-17 17:54:26 - 处理目录: Area_5.conferenceRoom_2-aleady----
----2024-07-17 17:54:26 - 处理目录: Area_5.conferenceRoom_3-----
----2024-07-17 17:54:26 - 处理目录: Area_5.conferenceRoom_3-aleady----
----2024-07-17 17:54:26 - 处理目录: Area_5.hallway_1-----
----2024-07-17 17:54:26 - 处理目录: Area_5.hallway_1-aleady----
----2024-07-17 17:54:26 - 处理目录: Area_5.hallway_2-----
----2024-07-17 17:54:26 - 处理目录: Area_5.hallway_2-aleady----
----2024-07-17 17:54:26 - 处理目录: Area_5.hallway_3-----
----2024-07-17 17:54:26 - 处理目录: Area_5.hallway_3-aleady----
----2024-07-17 17:54:26 - 处理目录: Area_5.hallway_4-----
----2024-07-17 17:54:26 - 处理目录: Area_5.hallway_4-aleady----
----2024-07-17 17:54:26 - 处理目录: Area_5.hallway_5-----
----2024-07-17 17:54:26 - 处理目录: Area_5.hallway_5-aleady----
----2024-07-17 17:54:26 - 处理目录: Area_5.hallway_6-----
----2024-07-17 17:54:26 - 处理目录: Area_5.hallway_6-aleady----
----2024-07-17 17:54:26 - 处理目录: Area_5.hallway_7-----
----2024-07-17 17:54:26 - 处理目录: Area_5.hallway_7-aleady----
----2024-07-17 17:54:26 - 处理目录: Area_5.hallway_8-----
----2024-07-17 17:54:26 - 处理目录: Area_5.hallway_8-aleady----
----2024-07-17 17:54:26 - 处理目录: Area_5.hallway_9-----
----2024-07-17 17:54:26 - 处理目录: Area_5.hallway_9-aleady----
----2024-07-17 17:54:26 - 处理目录: Area_5.hallway_10-----
----2024-07-17 17:54:26 - 处理目录: Area_5.hallway_10-aleady----
----2024-07-17 17:54:26 - 处理目录: Area_5.hallway_11-----
----2024-07-17 17:54:26 - 处理目录: Area_5.hallway_11-aleady----
----2024-07-17 17:54:26 - 处理目录: Area_5.hallway_12-----
----2024-07-17 17:54:26 - 处理目录: Area_5.hallway_12-aleady----
----2024-07-17 17:54:26 - 处理目录: Area_5.hallway_13-----
----2024-07-17 17:54:26 - 处理目录: Area_5.hallway_13-aleady----
----2024-07-17 17:54:26 - 处理目录: Area_5.hallway_14-----
----2024-07-17 17:54:26 - 处理目录: Area_5.hallway_14-aleady----
----2024-07-17 17:54:26 - 处理目录: Area_5.hallway_15-----
----2024-07-17 17:54:26 - 处理目录: Area_5.hallway_15-aleady----
----2024-07-17 17:54:26 - 处理目录: Area_5.lobby_1-----
----2024-07-17 17:54:26 - 处理目录: Area_5.lobby_1-aleady----
----2024-07-17 17:54:26 - 处理目录: Area_5.office_1-----
----2024-07-17 17:54:26 - 处理目录: Area_5.office_1-aleady----
----2024-07-17 17:54:26 - 处理目录: Area_5.office_2-----
----2024-07-17 17:54:26 - 处理目录: Area_5.office_2-aleady----
----2024-07-17 17:54:26 - 处理目录: Area_5.office_3-----
----2024-07-17 17:54:26 - 处理目录: Area_5.office_3-aleady----
----2024-07-17 17:54:26 - 处理目录: Area_5.office_4-----
----2024-07-17 17:54:26 - 处理目录: Area_5.office_4-aleady----
----2024-07-17 17:54:26 - 处理目录: Area_5.office_5-----
----2024-07-17 17:54:26 - 处理目录: Area_5.office_5-aleady----
----2024-07-17 17:54:26 - 处理目录: Area_5.office_6-----
----2024-07-17 17:54:26 - 处理目录: Area_5.office_6-aleady----
----2024-07-17 17:54:26 - 处理目录: Area_5.office_7-----
----2024-07-17 17:54:26 - 处理目录: Area_5.office_7-aleady----
----2024-07-17 17:54:26 - 处理目录: Area_5.office_8-----
----2024-07-17 17:54:26 - 处理目录: Area_5.office_8-aleady----
----2024-07-17 17:54:26 - 处理目录: Area_5.office_9-----
----2024-07-17 17:54:26 - 处理目录: Area_5.office_9-aleady----
----2024-07-17 17:54:26 - 处理目录: Area_5.office_10-----
----2024-07-17 17:54:26 - 处理目录: Area_5.office_10-aleady----
----2024-07-17 17:54:26 - 处理目录: Area_5.office_11-----
----2024-07-17 17:54:26 - 处理目录: Area_5.office_11-aleady----
----2024-07-17 17:54:26 - 处理目录: Area_5.office_12-----
----2024-07-17 17:54:26 - 处理目录: Area_5.office_12-aleady----
----2024-07-17 17:54:26 - 处理目录: Area_5.office_13-----
----2024-07-17 17:54:26 - 处理目录: Area_5.office_13-aleady----
----2024-07-17 17:54:26 - 处理目录: Area_5.office_14-----
----2024-07-17 17:54:26 - 处理目录: Area_5.office_14-aleady----
----2024-07-17 17:54:26 - 处理目录: Area_5.office_15-----
----2024-07-17 17:54:26 - 处理目录: Area_5.office_15-aleady----
----2024-07-17 17:54:26 - 处理目录: Area_5.office_16-----
----2024-07-17 17:54:26 - 处理目录: Area_5.office_16-aleady----
----2024-07-17 17:54:26 - 处理目录: Area_5.office_17-----
----2024-07-17 17:54:26 - 处理目录: Area_5.office_17-aleady----
----2024-07-17 17:54:26 - 处理目录: Area_5.office_18-----
----2024-07-17 17:54:26 - 处理目录: Area_5.office_18-aleady----
----2024-07-17 17:54:26 - 处理目录: Area_5.office_19-----
----2024-07-17 17:54:26 - 处理目录: Area_5.office_19-aleady----
----2024-07-17 17:54:26 - 处理目录: Area_5.office_20-----
----2024-07-17 17:54:26 - 处理目录: Area_5.office_20-aleady----
----2024-07-17 17:54:26 - 处理目录: Area_5.office_21-----
----2024-07-17 17:54:26 - 处理目录: Area_5.office_21-aleady----
----2024-07-17 17:54:26 - 处理目录: Area_5.office_22-----
----2024-07-17 17:54:26 - 处理目录: Area_5.office_22-aleady----
----2024-07-17 17:54:26 - 处理目录: Area_5.office_23-----
----2024-07-17 17:54:26 - 处理目录: Area_5.office_23-aleady----
----2024-07-17 17:54:26 - 处理目录: Area_5.office_24-----
----2024-07-17 17:54:26 - 处理目录: Area_5.office_24-aleady----
----2024-07-17 17:54:26 - 处理目录: Area_5.office_25-----
----2024-07-17 17:54:26 - 处理目录: Area_5.office_25-aleady----
----2024-07-17 17:54:26 - 处理目录: Area_5.office_26-----
----2024-07-17 17:54:26 - 处理目录: Area_5.office_26-aleady----
----2024-07-17 17:54:26 - 处理目录: Area_5.office_27-----
----2024-07-17 17:54:26 - 处理目录: Area_5.office_27-aleady----
----2024-07-17 17:54:26 - 处理目录: Area_5.office_28-----
----2024-07-17 17:54:26 - 处理目录: Area_5.office_28-aleady----
----2024-07-17 17:54:26 - 处理目录: Area_5.office_29-----
----2024-07-17 17:54:26 - 处理目录: Area_5.office_29-aleady----
----2024-07-17 17:54:26 - 处理目录: Area_5.office_30-----
----2024-07-17 17:54:26 - 处理目录: Area_5.office_30-aleady----
----2024-07-17 17:54:26 - 处理目录: Area_5.office_31-----
----2024-07-17 17:54:26 - 处理目录: Area_5.office_31-aleady----
----2024-07-17 17:54:26 - 处理目录: Area_5.office_32-----
----2024-07-17 17:54:26 - 处理目录: Area_5.office_32-aleady----
----2024-07-17 17:54:26 - 处理目录: Area_5.office_33-----
----2024-07-17 17:54:26 - 处理目录: Area_5.office_33-aleady----
----2024-07-17 17:54:26 - 处理目录: Area_5.office_34-----
----2024-07-17 17:54:26 - 处理目录: Area_5.office_34-aleady----
----2024-07-17 17:54:26 - 处理目录: Area_5.office_35-----
----2024-07-17 17:54:26 - 处理目录: Area_5.office_35-aleady----
----2024-07-17 17:54:26 - 处理目录: Area_5.office_36-----
----2024-07-17 17:54:26 - 处理目录: Area_5.office_36-aleady----
----2024-07-17 17:54:26 - 处理目录: Area_5.office_37-----
----2024-07-17 17:54:26 - 处理目录: Area_5.office_37-aleady----
----2024-07-17 17:54:26 - 处理目录: Area_5.office_38-----
----2024-07-17 17:54:26 - 处理目录: Area_5.office_38-aleady----
----2024-07-17 17:54:26 - 处理目录: Area_5.office_39-----
----2024-07-17 17:54:26 - 处理目录: Area_5.office_39-aleady----
----2024-07-17 17:54:26 - 处理目录: Area_5.office_40-----
----2024-07-17 17:54:26 - 处理目录: Area_5.office_40-aleady----
----2024-07-17 17:54:26 - 处理目录: Area_5.office_41-----
----2024-07-17 17:54:26 - 处理目录: Area_5.office_41-aleady----
----2024-07-17 17:54:26 - 处理目录: Area_5.office_42-----
----2024-07-17 17:54:26 - 处理目录: Area_5.office_42-aleady----
----2024-07-17 17:54:26 - 处理目录: Area_5.pantry_1-----
----2024-07-17 17:54:26 - 处理目录: Area_5.pantry_1-aleady----
----2024-07-17 17:54:26 - 处理目录: Area_5.storage_1-----
----2024-07-17 17:54:26 - 处理目录: Area_5.storage_1-aleady----
----2024-07-17 17:54:26 - 处理目录: Area_5.storage_2-----
----2024-07-17 17:54:26 - 处理目录: Area_5.storage_2-aleady----
----2024-07-17 17:54:26 - 处理目录: Area_5.storage_3-----
----2024-07-17 17:54:26 - 处理目录: Area_5.storage_3-aleady----
----2024-07-17 17:54:26 - 处理目录: Area_5.storage_4-----
----2024-07-17 17:54:26 - 处理目录: Area_5.storage_4-aleady----
----2024-07-17 17:54:26 - 处理目录: Area_6.conferenceRoom_1-----
----2024-07-17 17:54:26 - 处理目录: Area_6.conferenceRoom_1-aleady----
----2024-07-17 17:54:26 - 处理目录: Area_6.copyRoom_1-----
----2024-07-17 17:54:26 - 处理目录: Area_6.copyRoom_1-aleady----
----2024-07-17 17:54:26 - 处理目录: Area_6.hallway_1-----
----2024-07-17 17:54:26 - 处理目录: Area_6.hallway_1-aleady----
----2024-07-17 17:54:26 - 处理目录: Area_6.hallway_2-----
----2024-07-17 17:54:26 - 处理目录: Area_6.hallway_2-aleady----
----2024-07-17 17:54:26 - 处理目录: Area_6.hallway_3-----
----2024-07-17 17:54:26 - 处理目录: Area_6.hallway_3-aleady----
----2024-07-17 17:54:26 - 处理目录: Area_6.hallway_4-----
----2024-07-17 17:54:26 - 处理目录: Area_6.hallway_4-aleady----
----2024-07-17 17:54:26 - 处理目录: Area_6.hallway_5-----
----2024-07-17 17:54:26 - 处理目录: Area_6.hallway_5-aleady----
----2024-07-17 17:54:26 - 处理目录: Area_6.hallway_6-----
----2024-07-17 17:54:26 - 处理目录: Area_6.hallway_6-aleady----
----2024-07-17 17:54:26 - 处理目录: Area_6.lounge_1-----
----2024-07-17 17:54:26 - 处理目录: Area_6.lounge_1-aleady----
----2024-07-17 17:54:26 - 处理目录: Area_6.office_1-----
----2024-07-17 17:54:26 - 处理目录: Area_6.office_1-aleady----
----2024-07-17 17:54:26 - 处理目录: Area_6.office_2-----
----2024-07-17 17:54:26 - 处理目录: Area_6.office_2-aleady----
----2024-07-17 17:54:26 - 处理目录: Area_6.office_3-----
----2024-07-17 17:54:26 - 处理目录: Area_6.office_3-aleady----
----2024-07-17 17:54:26 - 处理目录: Area_6.office_4-----
----2024-07-17 17:54:26 - 处理目录: Area_6.office_4-aleady----
----2024-07-17 17:54:26 - 处理目录: Area_6.office_5-----
----2024-07-17 17:54:26 - 处理目录: Area_6.office_5-aleady----
----2024-07-17 17:54:26 - 处理目录: Area_6.office_6-----
----2024-07-17 17:54:26 - 处理目录: Area_6.office_6-aleady----
----2024-07-17 17:54:26 - 处理目录: Area_6.office_7-----
----2024-07-17 17:54:26 - 处理目录: Area_6.office_7-aleady----
----2024-07-17 17:54:26 - 处理目录: Area_6.office_8-----
----2024-07-17 17:54:26 - 处理目录: Area_6.office_8-aleady----
----2024-07-17 17:54:26 - 处理目录: Area_6.office_9-----
----2024-07-17 17:54:26 - 处理目录: Area_6.office_9-aleady----
----2024-07-17 17:54:26 - 处理目录: Area_6.office_10-----
----2024-07-17 17:54:26 - 处理目录: Area_6.office_10-aleady----
----2024-07-17 17:54:26 - 处理目录: Area_6.office_11-----
----2024-07-17 17:54:26 - 处理目录: Area_6.office_11-aleady----
----2024-07-17 17:54:26 - 处理目录: Area_6.office_12-----
----2024-07-17 17:54:26 - 处理目录: Area_6.office_12-aleady----
----2024-07-17 17:54:26 - 处理目录: Area_6.office_13-----
----2024-07-17 17:54:26 - 处理目录: Area_6.office_13-aleady----
----2024-07-17 17:54:26 - 处理目录: Area_6.office_14-----
----2024-07-17 17:54:26 - 处理目录: Area_6.office_14-aleady----
----2024-07-17 17:54:26 - 处理目录: Area_6.office_15-----
----2024-07-17 17:54:26 - 处理目录: Area_6.office_15-aleady----
----2024-07-17 17:54:26 - 处理目录: Area_6.office_16-----
----2024-07-17 17:54:26 - 处理目录: Area_6.office_16-aleady----
----2024-07-17 17:54:26 - 处理目录: Area_6.office_17-----
----2024-07-17 17:54:26 - 处理目录: Area_6.office_17-aleady----
----2024-07-17 17:54:26 - 处理目录: Area_6.office_18-----
----2024-07-17 17:54:26 - 处理目录: Area_6.office_18-aleady----
----2024-07-17 17:54:26 - 处理目录: Area_6.office_19-----
----2024-07-17 17:54:26 - 处理目录: Area_6.office_19-aleady----
----2024-07-17 17:54:26 - 处理目录: Area_6.office_20-----
----2024-07-17 17:54:26 - 处理目录: Area_6.office_20-aleady----
----2024-07-17 17:54:26 - 处理目录: Area_6.office_21-----
----2024-07-17 17:54:26 - 处理目录: Area_6.office_21-aleady----
----2024-07-17 17:54:26 - 处理目录: Area_6.office_22-----
----2024-07-17 17:54:26 - 处理目录: Area_6.office_22-aleady----
----2024-07-17 17:54:26 - 处理目录: Area_6.office_23-----
----2024-07-17 17:54:26 - 处理目录: Area_6.office_23-aleady----
----2024-07-17 17:54:26 - 处理目录: Area_6.office_24-----
----2024-07-17 17:54:26 - 处理目录: Area_6.office_24-aleady----
----2024-07-17 17:54:26 - 处理目录: Area_6.office_25-----
----2024-07-17 17:54:26 - 处理目录: Area_6.office_25-aleady----
----2024-07-17 17:54:26 - 处理目录: Area_6.office_26-----
----2024-07-17 17:54:26 - 处理目录: Area_6.office_26-aleady----
----2024-07-17 17:54:26 - 处理目录: Area_6.office_27-----
----2024-07-17 17:54:26 - 处理目录: Area_6.office_27-aleady----
----2024-07-17 17:54:26 - 处理目录: Area_6.office_28-----
----2024-07-17 17:54:26 - 处理目录: Area_6.office_28-aleady----
----2024-07-17 17:54:26 - 处理目录: Area_6.office_29-----
----2024-07-17 17:54:26 - 处理目录: Area_6.office_29-aleady----
----2024-07-17 17:54:26 - 处理目录: Area_6.office_30-----
----2024-07-17 17:54:26 - 处理目录: Area_6.office_30-aleady----
----2024-07-17 17:54:26 - 处理目录: Area_6.office_31-----
----2024-07-17 17:54:26 - 处理目录: Area_6.office_31-aleady----
----2024-07-17 17:54:26 - 处理目录: Area_6.office_32-----
----2024-07-17 17:54:26 - 处理目录: Area_6.office_32-aleady----
----2024-07-17 17:54:26 - 处理目录: Area_6.office_33-----
----2024-07-17 17:54:26 - 处理目录: Area_6.office_33-aleady----
----2024-07-17 17:54:26 - 处理目录: Area_6.office_34-----
----2024-07-17 17:54:26 - 处理目录: Area_6.office_34-aleady----
----2024-07-17 17:54:26 - 处理目录: Area_6.office_35-----
----2024-07-17 17:54:26 - 处理目录: Area_6.office_35-aleady----
----2024-07-17 17:54:26 - 处理目录: Area_6.office_36-----
----2024-07-17 17:54:26 - 处理目录: Area_6.office_36-aleady----
----2024-07-17 17:54:26 - 处理目录: Area_6.office_37-----
----2024-07-17 17:54:26 - 处理目录: Area_6.office_37-aleady----
----2024-07-17 17:54:26 - 处理目录: Area_6.openspace_1-----
----2024-07-17 17:54:26 - 处理目录: Area_6.openspace_1-aleady----
----2024-07-17 17:54:26 - 处理目录: Area_6.pantry_1-----
----2024-07-17 17:54:26 - 处理目录: Area_6.pantry_1-aleady----
----2024-07-17 17:54:26 ------done-----
